Log file open, 12/21/20 02:08:52
LogInit: Display: Running engine for game: CRYSTAMANIA_Paper
LogPlatformFile: Not using cached read wrapper
LogTaskGraph: Started task graph with 5 named threads and 14 total threads with 3 sets of task threads.
LogStats: Stats thread started at 5.857148
LogD3D11RHI: Loaded GFSDK_Aftermath_Lib.x64.dll
LogICUInternationalization: ICU TimeZone Detection - Raw Offset: +7:00, Platform Override: ''
LogPluginManager: Mounting plugin Paper2D
LogPluginManager: Mounting plugin AISupport
LogPluginManager: Mounting plugin LightPropagationVolume
LogPluginManager: Mounting plugin CameraShakePreviewer
LogPluginManager: Mounting plugin ActorLayerUtilities
LogPluginManager: Mounting plugin AnimationSharing
LogPluginManager: Mounting plugin CLionSourceCodeAccess
LogPluginManager: Mounting plugin CodeLiteSourceCodeAccess
LogPluginManager: Mounting plugin GitSourceControl
LogPluginManager: Mounting plugin KDevelopSourceCodeAccess
LogPluginManager: Mounting plugin NullSourceCodeAccess
LogPluginManager: Mounting plugin PerforceSourceControl
LogPluginManager: Mounting plugin PlasticSourceControl
LogPluginManager: Mounting plugin RiderSourceCodeAccess
LogPluginManager: Mounting plugin SubversionSourceControl
LogPluginManager: Mounting plugin UObjectPlugin
LogPluginManager: Mounting plugin VisualStudioCodeSourceCodeAccess
LogPluginManager: Mounting plugin VisualStudioSourceCodeAccess
LogPluginManager: Mounting plugin XCodeSourceCodeAccess
LogPluginManager: Mounting plugin AssetManagerEditor
LogPluginManager: Mounting plugin CryptoKeys
LogPluginManager: Mounting plugin CurveEditorTools
LogPluginManager: Mounting plugin DataValidation
LogPluginManager: Mounting plugin EditorScriptingUtilities
LogPluginManager: Mounting plugin FacialAnimation
LogPluginManager: Mounting plugin GameplayTagsEditor
LogPluginManager: Mounting plugin GeometryMode
LogPluginManager: Mounting plugin MacGraphicsSwitching
LogPluginManager: Mounting plugin MaterialAnalyzer
LogPluginManager: Mounting plugin MobileLauncherProfileWizard
LogPluginManager: Mounting plugin PluginBrowser
LogPluginManager: Mounting plugin SpeedTreeImporter
LogPluginManager: Mounting plugin DatasmithContent
LogPluginManager: Mounting plugin VariantManagerContent
LogPluginManager: Mounting plugin AlembicImporter
LogPluginManager: Mounting plugin AutomationUtils
LogPluginManager: Mounting plugin BackChannel
LogPluginManager: Mounting plugin ChaosCloth
LogPluginManager: Mounting plugin ChaosClothEditor
LogPluginManager: Mounting plugin ChaosEditor
LogPluginManager: Mounting plugin ChaosNiagara
LogPluginManager: Mounting plugin ChaosSolverPlugin
LogPluginManager: Mounting plugin CharacterAI
LogPluginManager: Mounting plugin GeometryCache
LogPluginManager: Mounting plugin GeometryCollectionPlugin
LogPluginManager: Mounting plugin GeometryProcessing
LogPluginManager: Mounting plugin PlanarCut
LogPluginManager: Mounting plugin PlatformCrypto
LogPluginManager: Mounting plugin ProxyLODPlugin
LogPluginManager: Mounting plugin SkeletalReduction
LogPluginManager: Mounting plugin Niagara
LogPluginManager: Mounting plugin MagicLeap
LogPluginManager: Mounting plugin MagicLeapLightEstimation
LogPluginManager: Mounting plugin MagicLeapMedia
LogPluginManager: Mounting plugin MagicLeapPassableWorld
LogPluginManager: Mounting plugin MLSDK
LogPluginManager: Mounting plugin AndroidMedia
LogPluginManager: Mounting plugin AvfMedia
LogPluginManager: Mounting plugin ImgMedia
LogPluginManager: Mounting plugin MediaCompositing
LogPluginManager: Mounting plugin MediaPlayerEditor
LogPluginManager: Mounting plugin WebMMedia
LogPluginManager: Mounting plugin WmfMedia
LogPluginManager: Mounting plugin MeshPainting
LogPluginManager: Mounting plugin TcpMessaging
LogPluginManager: Mounting plugin UdpMessaging
LogPluginManager: Mounting plugin ActorSequence
LogPluginManager: Mounting plugin LevelSequenceEditor
LogPluginManager: Mounting plugin MatineeToLevelSequence
LogPluginManager: Mounting plugin MovieRenderPipeline
LogPluginManager: Mounting plugin TemplateSequence
LogPluginManager: Mounting plugin NetcodeUnitTest
LogPluginManager: Mounting plugin NUTUnrealEngine4
LogPluginManager: Mounting plugin OnlineSubsystemGooglePlay
LogPluginManager: Mounting plugin OnlineSubsystemIOS
LogPluginManager: Mounting plugin OnlineSubsystem
LogPluginManager: Mounting plugin OnlineSubsystemNull
LogPluginManager: Mounting plugin OnlineSubsystemUtils
LogPluginManager: Mounting plugin LauncherChunkInstaller
LogPluginManager: Mounting plugin AndroidDeviceProfileSelector
LogPluginManager: Mounting plugin AndroidMoviePlayer
LogPluginManager: Mounting plugin AndroidPermission
LogPluginManager: Mounting plugin AppleImageUtils
LogPluginManager: Mounting plugin AppleMoviePlayer
LogPluginManager: Mounting plugin ArchVisCharacter
LogPluginManager: Mounting plugin AssetTags
LogPluginManager: Mounting plugin AudioCapture
LogPluginManager: Mounting plugin CableComponent
LogPluginManager: Mounting plugin CustomMeshComponent
LogPluginManager: Mounting plugin EditableMesh
LogPluginManager: Mounting plugin ExampleDeviceProfileSelector
LogPluginManager: Mounting plugin GoogleCloudMessaging
LogPluginManager: Mounting plugin GooglePAD
LogPluginManager: Mounting plugin IOSDeviceProfileSelector
LogPluginManager: Mounting plugin LinuxDeviceProfileSelector
LogPluginManager: Mounting plugin LocationServicesBPLibrary
LogPluginManager: Mounting plugin MobilePatchingUtils
LogPluginManager: Mounting plugin OculusVR
LogPluginManager: Mounting plugin PhysXVehicles
LogPluginManager: Mounting plugin PostSplashScreen
LogPluginManager: Mounting plugin ProceduralMeshComponent
LogPluginManager: Mounting plugin RuntimePhysXCooking
LogPluginManager: Mounting plugin SignificanceManager
LogPluginManager: Mounting plugin SoundFields
LogPluginManager: Mounting plugin SteamVR
LogPluginManager: Mounting plugin Synthesis
LogPluginManager: Mounting plugin WebMMoviePlayer
LogPluginManager: Mounting plugin WindowsMoviePlayer
LogPluginManager: Mounting plugin ScreenshotTools
LogInit: Using libcurl 7.55.1-DEV
LogInit:  - built for x86_64-pc-win32
LogInit:  - supports SSL with OpenSSL/1.1.1
LogInit:  - supports HTTP deflate (compression) using libz 1.2.8
LogInit:  - other features:
LogInit:      CURL_VERSION_SSL
LogInit:      CURL_VERSION_LIBZ
LogInit:      CURL_VERSION_IPV6
LogInit:      CURL_VERSION_ASYNCHDNS
LogInit:      CURL_VERSION_LARGEFILE
LogInit:      CURL_VERSION_IDN
LogInit:  CurlRequestOptions (configurable via config and command line):
LogInit:  - bVerifyPeer = true  - Libcurl will verify peer certificate
LogInit:  - bUseHttpProxy = false  - Libcurl will NOT use HTTP proxy
LogInit:  - bDontReuseConnections = false  - Libcurl will reuse connections
LogInit:  - MaxHostConnections = 16  - Libcurl will limit the number of connections to a host
LogInit:  - LocalHostAddr = Default
LogInit:  - BufferSize = 65536
LogOnline: OSS: Creating online subsystem instance for: NULL
LogInit: WinSock: version 1.1 (2.2), MaxSocks=32767, MaxUdp=65467
LogOnline: OSS: TryLoadSubsystemAndSetDefault: Loaded subsystem for module [NULL]
LogInit: Build: ++UE4+Release-4.25-CL-13942748
LogInit: Engine Version: 4.25.3-13942748+++UE4+Release-4.25
LogInit: Compatible Engine Version: 4.25.0-13144385+++UE4+Release-4.25
LogInit: Net CL: 13144385
LogInit: OS: Windows 10 (Release 2009) (), CPU:       Intel(R) Xeon(R) CPU E3-1225 V2 @ 3.20GHz, GPU: NVIDIA GeForce GTX 1050
LogInit: Compiled (64-bit): Jul 25 2020 02:07:48
LogInit: Compiled with Visual C++: 19.24.28315.00
LogInit: Build Configuration: Development
LogInit: Branch Name: ++UE4+Release-4.25
LogInit: Command Line: 
LogInit: Base Directory: F:/UE_4.25/Engine/Binaries/Win64/
LogInit: Allocator: TBB
LogInit: Installed Engine Build: 1
LogDevObjectVersion: Number of dev versions registered: 26
LogDevObjectVersion:   Dev-Blueprints (B0D832E4-1F89-4F0D-ACCF-7EB736FD4AA2): 10
LogDevObjectVersion:   Dev-Build (E1C64328-A22C-4D53-A36C-8E866417BD8C): 0
LogDevObjectVersion:   Dev-Core (375EC13C-06E4-48FB-B500-84F0262A717E): 4
LogDevObjectVersion:   Dev-Editor (E4B068ED-F494-42E9-A231-DA0B2E46BB41): 38
LogDevObjectVersion:   Dev-Framework (CFFC743F-43B0-4480-9391-14DF171D2073): 37
LogDevObjectVersion:   Dev-Mobile (B02B49B5-BB20-44E9-A304-32B752E40360): 2
LogDevObjectVersion:   Dev-Networking (A4E4105C-59A1-49B5-A7C5-40C4547EDFEE): 0
LogDevObjectVersion:   Dev-Online (39C831C9-5AE6-47DC-9A44-9C173E1C8E7C): 0
LogDevObjectVersion:   Dev-Physics (78F01B33-EBEA-4F98-B9B4-84EACCB95AA2): 4
LogDevObjectVersion:   Dev-Platform (6631380F-2D4D-43E0-8009-CF276956A95A): 0
LogDevObjectVersion:   Dev-Rendering (12F88B9F-8875-4AFC-A67C-D90C383ABD29): 43
LogDevObjectVersion:   Dev-Sequencer (7B5AE74C-D270-4C10-A958-57980B212A5A): 12
LogDevObjectVersion:   Dev-VR (D7296918-1DD6-4BDD-9DE2-64A83CC13884): 3
LogDevObjectVersion:   Dev-LoadTimes (C2A15278-BFE7-4AFE-6C17-90FF531DF755): 1
LogDevObjectVersion:   Private-Geometry (6EACA3D4-40EC-4CC1-B786-8BED09428FC5): 3
LogDevObjectVersion:   Dev-AnimPhys (29E575DD-E0A3-4627-9D10-D276232CDCEA): 17
LogDevObjectVersion:   Dev-Anim (AF43A65D-7FD3-4947-9873-3E8ED9C1BB05): 7
LogDevObjectVersion:   Dev-ReflectionCapture (6B266CEC-1EC7-4B8F-A30B-E4D90942FC07): 1
LogDevObjectVersion:   Dev-Automation (0DF73D61-A23F-47EA-B727-89E90C41499A): 1
LogDevObjectVersion:   FortniteMain (601D1886-AC64-4F84-AA16-D3DE0DEAC7D6): 31
LogDevObjectVersion:   Dev-Enterprise (9DFFBCD6-494F-0158-E221-12823C92A888): 10
LogDevObjectVersion:   Dev-Niagara (F2AED0AC-9AFE-416F-8664-AA7FFA26D6FC): 1
LogDevObjectVersion:   Dev-Destruction (174F1F0B-B4C6-45A5-B13F-2EE8D0FB917D): 10
LogDevObjectVersion:   Dev-Physics-Ext (35F94A83-E258-406C-A318-09F59610247C): 37
LogDevObjectVersion:   Dev-PhysicsMaterial-Chaos (B68FC16E-8B1B-42E2-B453-215C058844FE): 1
LogDevObjectVersion:   Dev-CineCamera (B2E18506-4273-CFC2-A54E-F4BB758BBA07): 1
LogInit: Presizing for max 25165824 objects, including 0 objects not considered by GC, pre-allocating 0 bytes for permanent pool.
LogConfig: Applying CVar settings from Section [/Script/Engine.StreamingSettings] File [D:/github/1/CRYSTAMANIA/Unreal_Projects/CRYSTAMANIA_Paper/Saved/Config/Windows/Engine.ini]
LogConfig: Setting CVar [[s.MinBulkDataSizeForAsyncLoading:131072]]
LogConfig: Setting CVar [[s.AsyncLoadingThreadEnabled:0]]
LogConfig: Setting CVar [[s.EventDrivenLoaderEnabled:1]]
LogConfig: Setting CVar [[s.WarnIfTimeLimitExceeded:0]]
LogConfig: Setting CVar [[s.TimeLimitExceededMultiplier:1.5]]
LogConfig: Setting CVar [[s.TimeLimitExceededMinTime:0.005]]
LogConfig: Setting CVar [[s.UseBackgroundLevelStreaming:1]]
LogConfig: Setting CVar [[s.PriorityAsyncLoadingExtraTime:15.0]]
LogConfig: Setting CVar [[s.LevelStreamingActorsUpdateTimeLimit:5.0]]
LogConfig: Setting CVar [[s.PriorityLevelStreamingActorsUpdateExtraTime:5.0]]
LogConfig: Setting CVar [[s.LevelStreamingComponentsRegistrationGranularity:10]]
LogConfig: Setting CVar [[s.UnregisterComponentsTimeLimit:1.0]]
LogConfig: Setting CVar [[s.LevelStreamingComponentsUnregistrationGranularity:5]]
LogConfig: Setting CVar [[s.FlushStreamingOnExit:1]]
LogInit: Object subsystem initialized
LogConfig: Setting CVar [[con.DebugEarlyDefault:1]]
LogConfig: Setting CVar [[r.setres:1280x720]]
[2020.12.20-19.08.55:430][  0]LogConfig: Setting CVar [[r.VSync:0]]
[2020.12.20-19.08.55:430][  0]LogConfig: Setting CVar [[r.RHICmdBypass:0]]
[2020.12.20-19.08.55:431][  0]LogConfig: Applying CVar settings from Section [/Script/Engine.RendererSettings] File [D:/github/1/CRYSTAMANIA/Unreal_Projects/CRYSTAMANIA_Paper/Saved/Config/Windows/Engine.ini]
[2020.12.20-19.08.55:431][  0]LogConfig: Setting CVar [[r.GPUCrashDebugging:0]]
[2020.12.20-19.08.55:431][  0]LogConfig: Setting CVar [[r.MobileHDR:0]]
[2020.12.20-19.08.55:431][  0]LogConfig: Applying CVar settings from Section [/Script/Engine.RendererOverrideSettings] File [D:/github/1/CRYSTAMANIA/Unreal_Projects/CRYSTAMANIA_Paper/Saved/Config/Windows/Engine.ini]
[2020.12.20-19.08.55:431][  0]LogConfig: Applying CVar settings from Section [/Script/Engine.StreamingSettings] File [D:/github/1/CRYSTAMANIA/Unreal_Projects/CRYSTAMANIA_Paper/Saved/Config/Windows/Engine.ini]
[2020.12.20-19.08.55:431][  0]LogConfig: Setting CVar [[s.MinBulkDataSizeForAsyncLoading:131072]]
[2020.12.20-19.08.55:431][  0]LogConfig: Setting CVar [[s.AsyncLoadingThreadEnabled:0]]
[2020.12.20-19.08.55:431][  0]LogConfig: Setting CVar [[s.EventDrivenLoaderEnabled:1]]
[2020.12.20-19.08.55:431][  0]LogConfig: Setting CVar [[s.WarnIfTimeLimitExceeded:0]]
[2020.12.20-19.08.55:431][  0]LogConfig: Setting CVar [[s.TimeLimitExceededMultiplier:1.5]]
[2020.12.20-19.08.55:431][  0]LogConfig: Setting CVar [[s.TimeLimitExceededMinTime:0.005]]
[2020.12.20-19.08.55:431][  0]LogConfig: Setting CVar [[s.UseBackgroundLevelStreaming:1]]
[2020.12.20-19.08.55:431][  0]LogConfig: Setting CVar [[s.PriorityAsyncLoadingExtraTime:15.0]]
[2020.12.20-19.08.55:431][  0]LogConfig: Setting CVar [[s.LevelStreamingActorsUpdateTimeLimit:5.0]]
[2020.12.20-19.08.55:431][  0]LogConfig: Setting CVar [[s.PriorityLevelStreamingActorsUpdateExtraTime:5.0]]
[2020.12.20-19.08.55:431][  0]LogConfig: Setting CVar [[s.LevelStreamingComponentsRegistrationGranularity:10]]
[2020.12.20-19.08.55:431][  0]LogConfig: Setting CVar [[s.UnregisterComponentsTimeLimit:1.0]]
[2020.12.20-19.08.55:431][  0]LogConfig: Setting CVar [[s.LevelStreamingComponentsUnregistrationGranularity:5]]
[2020.12.20-19.08.55:431][  0]LogConfig: Setting CVar [[s.FlushStreamingOnExit:1]]
[2020.12.20-19.08.55:431][  0]LogConfig: Applying CVar settings from Section [/Script/Engine.GarbageCollectionSettings] File [D:/github/1/CRYSTAMANIA/Unreal_Projects/CRYSTAMANIA_Paper/Saved/Config/Windows/Engine.ini]
[2020.12.20-19.08.55:431][  0]LogConfig: Setting CVar [[gc.MaxObjectsNotConsideredByGC:1]]
[2020.12.20-19.08.55:431][  0]LogConfig: Setting CVar [[gc.SizeOfPermanentObjectPool:0]]
[2020.12.20-19.08.55:431][  0]LogConfig: Setting CVar [[gc.FlushStreamingOnGC:0]]
[2020.12.20-19.08.55:431][  0]LogConfig: Setting CVar [[gc.NumRetriesBeforeForcingGC:10]]
[2020.12.20-19.08.55:431][  0]LogConfig: Setting CVar [[gc.AllowParallelGC:1]]
[2020.12.20-19.08.55:431][  0]LogConfig: Setting CVar [[gc.TimeBetweenPurgingPendingKillObjects:61.1]]
[2020.12.20-19.08.55:431][  0]LogConfig: Setting CVar [[gc.MaxObjectsInEditor:25165824]]
[2020.12.20-19.08.55:431][  0]LogConfig: Setting CVar [[gc.IncrementalBeginDestroyEnabled:1]]
[2020.12.20-19.08.55:431][  0]LogConfig: Setting CVar [[gc.CreateGCClusters:1]]
[2020.12.20-19.08.55:431][  0]LogConfig: Setting CVar [[gc.MinGCClusterSize:5]]
[2020.12.20-19.08.55:431][  0]LogConfig: Setting CVar [[gc.ActorClusteringEnabled:0]]
[2020.12.20-19.08.55:431][  0]LogConfig: Setting CVar [[gc.BlueprintClusteringEnabled:0]]
[2020.12.20-19.08.55:431][  0]LogConfig: Setting CVar [[gc.UseDisregardForGCOnDedicatedServers:0]]
[2020.12.20-19.08.55:431][  0]LogConfig: Applying CVar settings from Section [/Script/Engine.NetworkSettings] File [D:/github/1/CRYSTAMANIA/Unreal_Projects/CRYSTAMANIA_Paper/Saved/Config/Windows/Engine.ini]
[2020.12.20-19.08.55:431][  0]LogConfig: Applying CVar settings from Section [/Script/UnrealEd.CookerSettings] File [D:/github/1/CRYSTAMANIA/Unreal_Projects/CRYSTAMANIA_Paper/Saved/Config/Windows/Engine.ini]
[2020.12.20-19.08.55:471][  0]LogConfig: Applying CVar settings from Section [ViewDistanceQuality@3] File [D:/github/1/CRYSTAMANIA/Unreal_Projects/CRYSTAMANIA_Paper/Saved/Config/Windows/Scalability.ini]
[2020.12.20-19.08.55:471][  0]LogConfig: Setting CVar [[r.SkeletalMeshLODBias:0]]
[2020.12.20-19.08.55:471][  0]LogConfig: Setting CVar [[r.ViewDistanceScale:1.0]]
[2020.12.20-19.08.55:471][  0]LogConfig: Applying CVar settings from Section [AntiAliasingQuality@3] File [D:/github/1/CRYSTAMANIA/Unreal_Projects/CRYSTAMANIA_Paper/Saved/Config/Windows/Scalability.ini]
[2020.12.20-19.08.55:471][  0]LogConfig: Setting CVar [[r.PostProcessAAQuality:4]]
[2020.12.20-19.08.55:471][  0]LogConfig: Applying CVar settings from Section [ShadowQuality@3] File [D:/github/1/CRYSTAMANIA/Unreal_Projects/CRYSTAMANIA_Paper/Saved/Config/Windows/Scalability.ini]
[2020.12.20-19.08.55:471][  0]LogConfig: Setting CVar [[r.LightFunctionQuality:1]]
[2020.12.20-19.08.55:471][  0]LogConfig: Setting CVar [[r.ShadowQuality:5]]
[2020.12.20-19.08.55:471][  0]LogConfig: Setting CVar [[r.Shadow.CSM.MaxCascades:10]]
[2020.12.20-19.08.55:471][  0]LogConfig: Setting CVar [[r.Shadow.MaxResolution:2048]]
[2020.12.20-19.08.55:471][  0]LogConfig: Setting CVar [[r.Shadow.MaxCSMResolution:2048]]
[2020.12.20-19.08.55:471][  0]LogConfig: Setting CVar [[r.Shadow.RadiusThreshold:0.01]]
[2020.12.20-19.08.55:471][  0]LogConfig: Setting CVar [[r.Shadow.DistanceScale:1.0]]
[2020.12.20-19.08.55:471][  0]LogConfig: Setting CVar [[r.Shadow.CSM.TransitionScale:1.0]]
[2020.12.20-19.08.55:471][  0]LogConfig: Setting CVar [[r.Shadow.PreShadowResolutionFactor:1.0]]
[2020.12.20-19.08.55:471][  0]LogConfig: Setting CVar [[r.DistanceFieldShadowing:1]]
[2020.12.20-19.08.55:471][  0]LogConfig: Setting CVar [[r.DistanceFieldAO:1]]
[2020.12.20-19.08.55:471][  0]LogConfig: Setting CVar [[r.AOQuality:2]]
[2020.12.20-19.08.55:471][  0]LogConfig: Setting CVar [[r.VolumetricFog:1]]
[2020.12.20-19.08.55:471][  0]LogConfig: Setting CVar [[r.VolumetricFog.GridPixelSize:8]]
[2020.12.20-19.08.55:471][  0]LogConfig: Setting CVar [[r.VolumetricFog.GridSizeZ:128]]
[2020.12.20-19.08.55:471][  0]LogConfig: Setting CVar [[r.VolumetricFog.HistoryMissSupersampleCount:4]]
[2020.12.20-19.08.55:471][  0]LogConfig: Setting CVar [[r.LightMaxDrawDistanceScale:1]]
[2020.12.20-19.08.55:471][  0]LogConfig: Setting CVar [[r.CapsuleShadows:1]]
[2020.12.20-19.08.55:471][  0]LogConfig: Applying CVar settings from Section [PostProcessQuality@3] File [D:/github/1/CRYSTAMANIA/Unreal_Projects/CRYSTAMANIA_Paper/Saved/Config/Windows/Scalability.ini]
[2020.12.20-19.08.55:471][  0]LogConfig: Setting CVar [[r.MotionBlurQuality:4]]
[2020.12.20-19.08.55:471][  0]LogConfig: Setting CVar [[r.AmbientOcclusionMipLevelFactor:0.4]]
[2020.12.20-19.08.55:471][  0]LogConfig: Setting CVar [[r.AmbientOcclusionMaxQuality:100]]
[2020.12.20-19.08.55:471][  0]LogConfig: Setting CVar [[r.AmbientOcclusionLevels:-1]]
[2020.12.20-19.08.55:471][  0]LogConfig: Setting CVar [[r.AmbientOcclusionRadiusScale:1.0]]
[2020.12.20-19.08.55:471][  0]LogConfig: Setting CVar [[r.DepthOfFieldQuality:2]]
[2020.12.20-19.08.55:471][  0]LogConfig: Setting CVar [[r.RenderTargetPoolMin:400]]
[2020.12.20-19.08.55:471][  0]LogConfig: Setting CVar [[r.LensFlareQuality:2]]
[2020.12.20-19.08.55:471][  0]LogConfig: Setting CVar [[r.SceneColorFringeQuality:1]]
[2020.12.20-19.08.55:471][  0]LogConfig: Setting CVar [[r.EyeAdaptationQuality:2]]
[2020.12.20-19.08.55:471][  0]LogConfig: Setting CVar [[r.BloomQuality:5]]
[2020.12.20-19.08.55:471][  0]LogConfig: Setting CVar [[r.FastBlurThreshold:100]]
[2020.12.20-19.08.55:471][  0]LogConfig: Setting CVar [[r.Upscale.Quality:3]]
[2020.12.20-19.08.55:471][  0]LogConfig: Setting CVar [[r.Tonemapper.GrainQuantization:1]]
[2020.12.20-19.08.55:471][  0]LogConfig: Setting CVar [[r.LightShaftQuality:1]]
[2020.12.20-19.08.55:471][  0]LogConfig: Setting CVar [[r.Filter.SizeScale:1]]
[2020.12.20-19.08.55:471][  0]LogConfig: Setting CVar [[r.Tonemapper.Quality:5]]
[2020.12.20-19.08.55:471][  0]LogConfig: Setting CVar [[r.DOF.Gather.AccumulatorQuality:1        ; higher gathering accumulator quality]]
[2020.12.20-19.08.55:471][  0]LogConfig: Setting CVar [[r.DOF.Gather.PostfilterMethod:1          ; Median3x3 postfilering method]]
[2020.12.20-19.08.55:472][  0]LogConfig: Setting CVar [[r.DOF.Gather.EnableBokehSettings:0       ; no bokeh simulation when gathering]]
[2020.12.20-19.08.55:472][  0]LogConfig: Setting CVar [[r.DOF.Gather.RingCount:4                 ; medium number of samples when gathering]]
[2020.12.20-19.08.55:472][  0]LogConfig: Setting CVar [[r.DOF.Scatter.ForegroundCompositing:1    ; additive foreground scattering]]
[2020.12.20-19.08.55:472][  0]LogConfig: Setting CVar [[r.DOF.Scatter.BackgroundCompositing:2    ; additive background scattering]]
[2020.12.20-19.08.55:472][  0]LogConfig: Setting CVar [[r.DOF.Scatter.EnableBokehSettings:1      ; bokeh simulation when scattering]]
[2020.12.20-19.08.55:472][  0]LogConfig: Setting CVar [[r.DOF.Scatter.MaxSpriteRatio:0.1         ; only a maximum of 10% of scattered bokeh]]
[2020.12.20-19.08.55:472][  0]LogConfig: Setting CVar [[r.DOF.Recombine.Quality:1                ; cheap slight out of focus]]
[2020.12.20-19.08.55:472][  0]LogConfig: Setting CVar [[r.DOF.Recombine.EnableBokehSettings:0    ; no bokeh simulation on slight out of focus]]
[2020.12.20-19.08.55:472][  0]LogConfig: Setting CVar [[r.DOF.TemporalAAQuality:1                ; more stable temporal accumulation]]
[2020.12.20-19.08.55:472][  0]LogConfig: Setting CVar [[r.DOF.Kernel.MaxForegroundRadius:0.025]]
[2020.12.20-19.08.55:472][  0]LogConfig: Setting CVar [[r.DOF.Kernel.MaxBackgroundRadius:0.025]]
[2020.12.20-19.08.55:472][  0]LogConfig: Applying CVar settings from Section [TextureQuality@3] File [D:/github/1/CRYSTAMANIA/Unreal_Projects/CRYSTAMANIA_Paper/Saved/Config/Windows/Scalability.ini]
[2020.12.20-19.08.55:472][  0]LogConfig: Setting CVar [[r.Streaming.MipBias:0]]
[2020.12.20-19.08.55:472][  0]LogConfig: Setting CVar [[r.Streaming.AmortizeCPUToGPUCopy:0]]
[2020.12.20-19.08.55:472][  0]LogConfig: Setting CVar [[r.Streaming.MaxNumTexturesToStreamPerFrame:0]]
[2020.12.20-19.08.55:472][  0]LogConfig: Setting CVar [[r.Streaming.Boost:1]]
[2020.12.20-19.08.55:472][  0]LogConfig: Setting CVar [[r.MaxAnisotropy:8]]
[2020.12.20-19.08.55:472][  0]LogConfig: Setting CVar [[r.VT.MaxAnisotropy:8]]
[2020.12.20-19.08.55:472][  0]LogConfig: Setting CVar [[r.Streaming.LimitPoolSizeToVRAM:0]]
[2020.12.20-19.08.55:472][  0]LogConfig: Setting CVar [[r.Streaming.PoolSize:1000]]
[2020.12.20-19.08.55:472][  0]LogConfig: Setting CVar [[r.Streaming.MaxEffectiveScreenSize:0]]
[2020.12.20-19.08.55:472][  0]LogConfig: Applying CVar settings from Section [EffectsQuality@3] File [D:/github/1/CRYSTAMANIA/Unreal_Projects/CRYSTAMANIA_Paper/Saved/Config/Windows/Scalability.ini]
[2020.12.20-19.08.55:472][  0]LogConfig: Setting CVar [[r.TranslucencyLightingVolumeDim:64]]
[2020.12.20-19.08.55:472][  0]LogConfig: Setting CVar [[r.RefractionQuality:2]]
[2020.12.20-19.08.55:472][  0]LogConfig: Setting CVar [[r.SSR.Quality:3]]
[2020.12.20-19.08.55:472][  0]LogConfig: Setting CVar [[r.SSR.HalfResSceneColor:0]]
[2020.12.20-19.08.55:472][  0]LogConfig: Setting CVar [[r.SceneColorFormat:4]]
[2020.12.20-19.08.55:472][  0]LogConfig: Setting CVar [[r.DetailMode:2]]
[2020.12.20-19.08.55:472][  0]LogConfig: Setting CVar [[r.TranslucencyVolumeBlur:1]]
[2020.12.20-19.08.55:472][  0]LogConfig: Setting CVar [[r.MaterialQualityLevel:1 ; High quality]]
[2020.12.20-19.08.55:472][  0]LogConfig: Setting CVar [[r.SSS.Scale:1]]
[2020.12.20-19.08.55:472][  0]LogConfig: Setting CVar [[r.SSS.SampleSet:2]]
[2020.12.20-19.08.55:472][  0]LogConfig: Setting CVar [[r.SSS.Quality:1]]
[2020.12.20-19.08.55:472][  0]LogConfig: Setting CVar [[r.SSS.HalfRes:0]]
[2020.12.20-19.08.55:472][  0]LogConfig: Setting CVar [[r.SSGI.Quality:3]]
[2020.12.20-19.08.55:472][  0]LogConfig: Setting CVar [[r.EmitterSpawnRateScale:1.0]]
[2020.12.20-19.08.55:472][  0]LogConfig: Setting CVar [[r.ParticleLightQuality:2]]
[2020.12.20-19.08.55:472][  0]LogConfig: Setting CVar [[r.SkyAtmosphere.AerialPerspectiveLUT.FastApplyOnOpaque:1 ; Always have FastSkyLUT 1 in this case to avoid wrong sky]]
[2020.12.20-19.08.55:472][  0]LogConfig: Setting CVar [[r.SkyAtmosphere.AerialPerspectiveLUT.SampleCountPerSlice:1]]
[2020.12.20-19.08.55:472][  0]LogConfig: Setting CVar [[r.SkyAtmosphere.AerialPerspectiveLUT.DepthResolution:16.0]]
[2020.12.20-19.08.55:472][  0]LogConfig: Setting CVar [[r.SkyAtmosphere.FastSkyLUT:1]]
[2020.12.20-19.08.55:472][  0]LogConfig: Setting CVar [[r.SkyAtmosphere.FastSkyLUT.SampleCountMin:4.0]]
[2020.12.20-19.08.55:472][  0]LogConfig: Setting CVar [[r.SkyAtmosphere.FastSkyLUT.SampleCountMax:32.0]]
[2020.12.20-19.08.55:472][  0]LogConfig: Setting CVar [[r.SkyAtmosphere.SampleCountMin:4.0]]
[2020.12.20-19.08.55:472][  0]LogConfig: Setting CVar [[r.SkyAtmosphere.SampleCountMax:32.0]]
[2020.12.20-19.08.55:472][  0]LogConfig: Setting CVar [[r.SkyAtmosphere.TransmittanceLUT.UseSmallFormat:0]]
[2020.12.20-19.08.55:472][  0]LogConfig: Setting CVar [[r.SkyAtmosphere.TransmittanceLUT.SampleCount:10.0]]
[2020.12.20-19.08.55:472][  0]LogConfig: Setting CVar [[r.SkyAtmosphere.MultiScatteringLUT.SampleCount:15.0]]
[2020.12.20-19.08.55:472][  0]LogConfig: Applying CVar settings from Section [FoliageQuality@3] File [D:/github/1/CRYSTAMANIA/Unreal_Projects/CRYSTAMANIA_Paper/Saved/Config/Windows/Scalability.ini]
[2020.12.20-19.08.55:472][  0]LogConfig: Setting CVar [[foliage.DensityScale:1.0]]
[2020.12.20-19.08.55:472][  0]LogConfig: Setting CVar [[grass.DensityScale:1.0]]
[2020.12.20-19.08.55:472][  0]LogConfig: Applying CVar settings from Section [ShadingQuality@3] File [D:/github/1/CRYSTAMANIA/Unreal_Projects/CRYSTAMANIA_Paper/Saved/Config/Windows/Scalability.ini]
[2020.12.20-19.08.55:472][  0]LogConfig: Setting CVar [[r.HairStrands.SkyLighting.SampleCount:16]]
[2020.12.20-19.08.55:472][  0]LogConfig: Setting CVar [[r.HairStrands.SkyLighting.JitterIntegration:0]]
[2020.12.20-19.08.55:472][  0]LogConfig: Setting CVar [[r.HairStrands.SkyAO.SampleCount:16]]
[2020.12.20-19.08.55:472][  0]LogConfig: Setting CVar [[r.HairStrands.DeepShadow.SuperSampling:0]]
[2020.12.20-19.08.55:472][  0]LogConfig: Setting CVar [[r.HairStrands.VisibilityPPLL:0]]
[2020.12.20-19.08.55:472][  0]LogConfig: Setting CVar [[r.HairStrands.RasterizationScale:0.5]]
[2020.12.20-19.08.55:473][  0]LogConfig: Setting CVar [[r.HairStrands.VelocityRasterizationScale:1]]
[2020.12.20-19.08.55:473][  0]LogInit: Selected Device Profile: [Windows]
[2020.12.20-19.08.55:473][  0]LogInit: Applying CVar settings loaded from the selected device profile: [Windows]
[2020.12.20-19.08.55:478][  0]LogHAL: Display: Platform has ~ 16 GB [17132220416 / 17179869184 / 16], which maps to Larger [LargestMinGB=32, LargerMinGB=12, DefaultMinGB=8, SmallerMinGB=6, SmallestMinGB=0)
[2020.12.20-19.08.55:478][  0]LogInit: Going up to parent DeviceProfile []
[2020.12.20-19.08.55:478][  0]LogConfig: Applying CVar settings from Section [ViewDistanceQuality@3] File [D:/github/1/CRYSTAMANIA/Unreal_Projects/CRYSTAMANIA_Paper/Saved/Config/Windows/Scalability.ini]
[2020.12.20-19.08.55:478][  0]LogConfig: Setting CVar [[r.SkeletalMeshLODBias:0]]
[2020.12.20-19.08.55:478][  0]LogConfig: Setting CVar [[r.ViewDistanceScale:1.0]]
[2020.12.20-19.08.55:478][  0]LogConfig: Applying CVar settings from Section [AntiAliasingQuality@3] File [D:/github/1/CRYSTAMANIA/Unreal_Projects/CRYSTAMANIA_Paper/Saved/Config/Windows/Scalability.ini]
[2020.12.20-19.08.55:478][  0]LogConfig: Setting CVar [[r.PostProcessAAQuality:4]]
[2020.12.20-19.08.55:478][  0]LogConfig: Applying CVar settings from Section [ShadowQuality@3] File [D:/github/1/CRYSTAMANIA/Unreal_Projects/CRYSTAMANIA_Paper/Saved/Config/Windows/Scalability.ini]
[2020.12.20-19.08.55:478][  0]LogConfig: Setting CVar [[r.LightFunctionQuality:1]]
[2020.12.20-19.08.55:478][  0]LogConfig: Setting CVar [[r.ShadowQuality:5]]
[2020.12.20-19.08.55:479][  0]LogConfig: Setting CVar [[r.Shadow.CSM.MaxCascades:10]]
[2020.12.20-19.08.55:479][  0]LogConfig: Setting CVar [[r.Shadow.MaxResolution:2048]]
[2020.12.20-19.08.55:479][  0]LogConfig: Setting CVar [[r.Shadow.MaxCSMResolution:2048]]
[2020.12.20-19.08.55:479][  0]LogConfig: Setting CVar [[r.Shadow.RadiusThreshold:0.01]]
[2020.12.20-19.08.55:479][  0]LogConfig: Setting CVar [[r.Shadow.DistanceScale:1.0]]
[2020.12.20-19.08.55:479][  0]LogConfig: Setting CVar [[r.Shadow.CSM.TransitionScale:1.0]]
[2020.12.20-19.08.55:479][  0]LogConfig: Setting CVar [[r.Shadow.PreShadowResolutionFactor:1.0]]
[2020.12.20-19.08.55:479][  0]LogConfig: Setting CVar [[r.DistanceFieldShadowing:1]]
[2020.12.20-19.08.55:479][  0]LogConfig: Setting CVar [[r.DistanceFieldAO:1]]
[2020.12.20-19.08.55:479][  0]LogConfig: Setting CVar [[r.AOQuality:2]]
[2020.12.20-19.08.55:479][  0]LogConfig: Setting CVar [[r.VolumetricFog:1]]
[2020.12.20-19.08.55:479][  0]LogConfig: Setting CVar [[r.VolumetricFog.GridPixelSize:8]]
[2020.12.20-19.08.55:479][  0]LogConfig: Setting CVar [[r.VolumetricFog.GridSizeZ:128]]
[2020.12.20-19.08.55:479][  0]LogConfig: Setting CVar [[r.VolumetricFog.HistoryMissSupersampleCount:4]]
[2020.12.20-19.08.55:479][  0]LogConfig: Setting CVar [[r.LightMaxDrawDistanceScale:1]]
[2020.12.20-19.08.55:479][  0]LogConfig: Setting CVar [[r.CapsuleShadows:1]]
[2020.12.20-19.08.55:479][  0]LogConfig: Applying CVar settings from Section [PostProcessQuality@3] File [D:/github/1/CRYSTAMANIA/Unreal_Projects/CRYSTAMANIA_Paper/Saved/Config/Windows/Scalability.ini]
[2020.12.20-19.08.55:479][  0]LogConfig: Setting CVar [[r.MotionBlurQuality:4]]
[2020.12.20-19.08.55:479][  0]LogConfig: Setting CVar [[r.AmbientOcclusionMipLevelFactor:0.4]]
[2020.12.20-19.08.55:479][  0]LogConfig: Setting CVar [[r.AmbientOcclusionMaxQuality:100]]
[2020.12.20-19.08.55:479][  0]LogConfig: Setting CVar [[r.AmbientOcclusionLevels:-1]]
[2020.12.20-19.08.55:479][  0]LogConfig: Setting CVar [[r.AmbientOcclusionRadiusScale:1.0]]
[2020.12.20-19.08.55:479][  0]LogConfig: Setting CVar [[r.DepthOfFieldQuality:2]]
[2020.12.20-19.08.55:479][  0]LogConfig: Setting CVar [[r.RenderTargetPoolMin:400]]
[2020.12.20-19.08.55:479][  0]LogConfig: Setting CVar [[r.LensFlareQuality:2]]
[2020.12.20-19.08.55:479][  0]LogConfig: Setting CVar [[r.SceneColorFringeQuality:1]]
[2020.12.20-19.08.55:479][  0]LogConfig: Setting CVar [[r.EyeAdaptationQuality:2]]
[2020.12.20-19.08.55:479][  0]LogConfig: Setting CVar [[r.BloomQuality:5]]
[2020.12.20-19.08.55:479][  0]LogConfig: Setting CVar [[r.FastBlurThreshold:100]]
[2020.12.20-19.08.55:479][  0]LogConfig: Setting CVar [[r.Upscale.Quality:3]]
[2020.12.20-19.08.55:479][  0]LogConfig: Setting CVar [[r.Tonemapper.GrainQuantization:1]]
[2020.12.20-19.08.55:479][  0]LogConfig: Setting CVar [[r.LightShaftQuality:1]]
[2020.12.20-19.08.55:479][  0]LogConfig: Setting CVar [[r.Filter.SizeScale:1]]
[2020.12.20-19.08.55:479][  0]LogConfig: Setting CVar [[r.Tonemapper.Quality:5]]
[2020.12.20-19.08.55:479][  0]LogConfig: Setting CVar [[r.DOF.Gather.AccumulatorQuality:1        ; higher gathering accumulator quality]]
[2020.12.20-19.08.55:479][  0]LogConfig: Setting CVar [[r.DOF.Gather.PostfilterMethod:1          ; Median3x3 postfilering method]]
[2020.12.20-19.08.55:479][  0]LogConfig: Setting CVar [[r.DOF.Gather.EnableBokehSettings:0       ; no bokeh simulation when gathering]]
[2020.12.20-19.08.55:479][  0]LogConfig: Setting CVar [[r.DOF.Gather.RingCount:4                 ; medium number of samples when gathering]]
[2020.12.20-19.08.55:479][  0]LogConfig: Setting CVar [[r.DOF.Scatter.ForegroundCompositing:1    ; additive foreground scattering]]
[2020.12.20-19.08.55:479][  0]LogConfig: Setting CVar [[r.DOF.Scatter.BackgroundCompositing:2    ; additive background scattering]]
[2020.12.20-19.08.55:479][  0]LogConfig: Setting CVar [[r.DOF.Scatter.EnableBokehSettings:1      ; bokeh simulation when scattering]]
[2020.12.20-19.08.55:479][  0]LogConfig: Setting CVar [[r.DOF.Scatter.MaxSpriteRatio:0.1         ; only a maximum of 10% of scattered bokeh]]
[2020.12.20-19.08.55:479][  0]LogConfig: Setting CVar [[r.DOF.Recombine.Quality:1                ; cheap slight out of focus]]
[2020.12.20-19.08.55:479][  0]LogConfig: Setting CVar [[r.DOF.Recombine.EnableBokehSettings:0    ; no bokeh simulation on slight out of focus]]
[2020.12.20-19.08.55:479][  0]LogConfig: Setting CVar [[r.DOF.TemporalAAQuality:1                ; more stable temporal accumulation]]
[2020.12.20-19.08.55:479][  0]LogConfig: Setting CVar [[r.DOF.Kernel.MaxForegroundRadius:0.025]]
[2020.12.20-19.08.55:479][  0]LogConfig: Setting CVar [[r.DOF.Kernel.MaxBackgroundRadius:0.025]]
[2020.12.20-19.08.55:479][  0]LogConfig: Applying CVar settings from Section [TextureQuality@3] File [D:/github/1/CRYSTAMANIA/Unreal_Projects/CRYSTAMANIA_Paper/Saved/Config/Windows/Scalability.ini]
[2020.12.20-19.08.55:479][  0]LogConfig: Setting CVar [[r.Streaming.MipBias:0]]
[2020.12.20-19.08.55:479][  0]LogConfig: Setting CVar [[r.Streaming.AmortizeCPUToGPUCopy:0]]
[2020.12.20-19.08.55:479][  0]LogConfig: Setting CVar [[r.Streaming.MaxNumTexturesToStreamPerFrame:0]]
[2020.12.20-19.08.55:479][  0]LogConfig: Setting CVar [[r.Streaming.Boost:1]]
[2020.12.20-19.08.55:479][  0]LogConfig: Setting CVar [[r.MaxAnisotropy:8]]
[2020.12.20-19.08.55:479][  0]LogConfig: Setting CVar [[r.VT.MaxAnisotropy:8]]
[2020.12.20-19.08.55:479][  0]LogConfig: Setting CVar [[r.Streaming.LimitPoolSizeToVRAM:0]]
[2020.12.20-19.08.55:479][  0]LogConfig: Setting CVar [[r.Streaming.PoolSize:1000]]
[2020.12.20-19.08.55:479][  0]LogConfig: Setting CVar [[r.Streaming.MaxEffectiveScreenSize:0]]
[2020.12.20-19.08.55:479][  0]LogConfig: Applying CVar settings from Section [EffectsQuality@3] File [D:/github/1/CRYSTAMANIA/Unreal_Projects/CRYSTAMANIA_Paper/Saved/Config/Windows/Scalability.ini]
[2020.12.20-19.08.55:479][  0]LogConfig: Setting CVar [[r.TranslucencyLightingVolumeDim:64]]
[2020.12.20-19.08.55:479][  0]LogConfig: Setting CVar [[r.RefractionQuality:2]]
[2020.12.20-19.08.55:480][  0]LogConfig: Setting CVar [[r.SSR.Quality:3]]
[2020.12.20-19.08.55:480][  0]LogConfig: Setting CVar [[r.SSR.HalfResSceneColor:0]]
[2020.12.20-19.08.55:480][  0]LogConfig: Setting CVar [[r.SceneColorFormat:4]]
[2020.12.20-19.08.55:480][  0]LogConfig: Setting CVar [[r.DetailMode:2]]
[2020.12.20-19.08.55:480][  0]LogConfig: Setting CVar [[r.TranslucencyVolumeBlur:1]]
[2020.12.20-19.08.55:480][  0]LogConfig: Setting CVar [[r.MaterialQualityLevel:1 ; High quality]]
[2020.12.20-19.08.55:480][  0]LogConfig: Setting CVar [[r.SSS.Scale:1]]
[2020.12.20-19.08.55:480][  0]LogConfig: Setting CVar [[r.SSS.SampleSet:2]]
[2020.12.20-19.08.55:480][  0]LogConfig: Setting CVar [[r.SSS.Quality:1]]
[2020.12.20-19.08.55:480][  0]LogConfig: Setting CVar [[r.SSS.HalfRes:0]]
[2020.12.20-19.08.55:480][  0]LogConfig: Setting CVar [[r.SSGI.Quality:3]]
[2020.12.20-19.08.55:480][  0]LogConfig: Setting CVar [[r.EmitterSpawnRateScale:1.0]]
[2020.12.20-19.08.55:480][  0]LogConfig: Setting CVar [[r.ParticleLightQuality:2]]
[2020.12.20-19.08.55:480][  0]LogConfig: Setting CVar [[r.SkyAtmosphere.AerialPerspectiveLUT.FastApplyOnOpaque:1 ; Always have FastSkyLUT 1 in this case to avoid wrong sky]]
[2020.12.20-19.08.55:480][  0]LogConfig: Setting CVar [[r.SkyAtmosphere.AerialPerspectiveLUT.SampleCountPerSlice:1]]
[2020.12.20-19.08.55:480][  0]LogConfig: Setting CVar [[r.SkyAtmosphere.AerialPerspectiveLUT.DepthResolution:16.0]]
[2020.12.20-19.08.55:480][  0]LogConfig: Setting CVar [[r.SkyAtmosphere.FastSkyLUT:1]]
[2020.12.20-19.08.55:480][  0]LogConfig: Setting CVar [[r.SkyAtmosphere.FastSkyLUT.SampleCountMin:4.0]]
[2020.12.20-19.08.55:480][  0]LogConfig: Setting CVar [[r.SkyAtmosphere.FastSkyLUT.SampleCountMax:32.0]]
[2020.12.20-19.08.55:480][  0]LogConfig: Setting CVar [[r.SkyAtmosphere.SampleCountMin:4.0]]
[2020.12.20-19.08.55:480][  0]LogConfig: Setting CVar [[r.SkyAtmosphere.SampleCountMax:32.0]]
[2020.12.20-19.08.55:480][  0]LogConfig: Setting CVar [[r.SkyAtmosphere.TransmittanceLUT.UseSmallFormat:0]]
[2020.12.20-19.08.55:480][  0]LogConfig: Setting CVar [[r.SkyAtmosphere.TransmittanceLUT.SampleCount:10.0]]
[2020.12.20-19.08.55:480][  0]LogConfig: Setting CVar [[r.SkyAtmosphere.MultiScatteringLUT.SampleCount:15.0]]
[2020.12.20-19.08.55:480][  0]LogConfig: Applying CVar settings from Section [FoliageQuality@3] File [D:/github/1/CRYSTAMANIA/Unreal_Projects/CRYSTAMANIA_Paper/Saved/Config/Windows/Scalability.ini]
[2020.12.20-19.08.55:480][  0]LogConfig: Setting CVar [[foliage.DensityScale:1.0]]
[2020.12.20-19.08.55:480][  0]LogConfig: Setting CVar [[grass.DensityScale:1.0]]
[2020.12.20-19.08.55:480][  0]LogConfig: Applying CVar settings from Section [ShadingQuality@3] File [D:/github/1/CRYSTAMANIA/Unreal_Projects/CRYSTAMANIA_Paper/Saved/Config/Windows/Scalability.ini]
[2020.12.20-19.08.55:480][  0]LogConfig: Setting CVar [[r.HairStrands.SkyLighting.SampleCount:16]]
[2020.12.20-19.08.55:480][  0]LogConfig: Setting CVar [[r.HairStrands.SkyLighting.JitterIntegration:0]]
[2020.12.20-19.08.55:480][  0]LogConfig: Setting CVar [[r.HairStrands.SkyAO.SampleCount:16]]
[2020.12.20-19.08.55:480][  0]LogConfig: Setting CVar [[r.HairStrands.DeepShadow.SuperSampling:0]]
[2020.12.20-19.08.55:480][  0]LogConfig: Setting CVar [[r.HairStrands.VisibilityPPLL:0]]
[2020.12.20-19.08.55:480][  0]LogConfig: Setting CVar [[r.HairStrands.RasterizationScale:0.5]]
[2020.12.20-19.08.55:480][  0]LogConfig: Setting CVar [[r.HairStrands.VelocityRasterizationScale:1]]
[2020.12.20-19.08.55:480][  0]LogConfig: Applying CVar settings from Section [Startup] File [../../../Engine/Config/ConsoleVariables.ini]
[2020.12.20-19.08.55:501][  0]LogConfig: Setting CVar [[net.UseAdaptiveNetUpdateFrequency:0]]
[2020.12.20-19.08.55:501][  0]LogConfig: Setting CVar [[p.chaos.AllowCreatePhysxBodies:1]]
[2020.12.20-19.08.55:501][  0]LogConfig: Setting CVar [[fx.SkipVectorVMBackendOptimizations:1]]
[2020.12.20-19.08.55:501][  0]LogConfig: Applying CVar settings from Section [ConsoleVariables] File [D:/github/1/CRYSTAMANIA/Unreal_Projects/CRYSTAMANIA_Paper/Saved/Config/Windows/Engine.ini]
[2020.12.20-19.08.55:515][  0]LogInit: Computer: KITTIWAT
[2020.12.20-19.08.55:515][  0]LogInit: User: Duke
[2020.12.20-19.08.55:522][  0]LogInit: CPU Page size=4096, Cores=4
[2020.12.20-19.08.55:522][  0]LogInit: High frequency timer resolution =10.000000 MHz
[2020.12.20-19.08.55:522][  0]LogMemory: Memory total: Physical=16.0GB (16GB approx)
[2020.12.20-19.08.55:522][  0]LogMemory: Platform Memory Stats for Windows
[2020.12.20-19.08.55:522][  0]LogMemory: Process Physical Memory: 115.60 MB used, 115.61 MB peak
[2020.12.20-19.08.55:522][  0]LogMemory: Process Virtual Memory: 97.27 MB used, 97.27 MB peak
[2020.12.20-19.08.55:522][  0]LogMemory: Physical Memory: 10431.79 MB used,  5906.77 MB free, 16338.56 MB total
[2020.12.20-19.08.55:522][  0]LogMemory: Virtual Memory: 5130.61 MB used,  134212600.00 MB free, 134217728.00 MB total
[2020.12.20-19.08.55:531][  0]LogWindows: WindowsPlatformFeatures enabled
[2020.12.20-19.08.56:463][  0]LogInit: Physics initialised using underlying interface: PhysX
[2020.12.20-19.08.56:480][  0]LogInit: Using OS detected language (en-US).
[2020.12.20-19.08.56:480][  0]LogInit: Using OS detected locale (en-US).
[2020.12.20-19.08.56:544][  0]LogTextLocalizationManager: No specific localization for 'en-US' exists, so the 'en' localization will be used.
[2020.12.20-19.08.57:147][  0]LogInit: Setting process to per monitor DPI aware
[2020.12.20-19.08.57:641][  0]LogSlate: New Slate User Created.  User Index 0, Is Virtual User: 0
[2020.12.20-19.08.57:641][  0]LogSlate: Slate User Registered.  User Index 0, Is Virtual User: 0
[2020.12.20-19.09.03:103][  0]LogHMD: Failed to initialize OpenVR with code 110
[2020.12.20-19.09.03:103][  0]LogD3D11RHI: D3D11 min allowed feature level: 11_0
[2020.12.20-19.09.03:103][  0]LogD3D11RHI: D3D11 max allowed feature level: 11_0
[2020.12.20-19.09.03:103][  0]LogD3D11RHI: D3D11 adapters:
[2020.12.20-19.09.03:379][  0]LogD3D11RHI:    0. 'NVIDIA GeForce GTX 1050' (Feature Level 11_0)
[2020.12.20-19.09.03:379][  0]LogD3D11RHI:       1977/0/8169 MB DedicatedVideo/DedicatedSystem/SharedSystem, Outputs:2, VendorId:0x10de
[2020.12.20-19.09.03:385][  0]LogD3D11RHI:    1. 'Microsoft Basic Render Driver' (Feature Level 11_0)
[2020.12.20-19.09.03:385][  0]LogD3D11RHI:       0/0/8169 MB DedicatedVideo/DedicatedSystem/SharedSystem, Outputs:0, VendorId:0x1414
[2020.12.20-19.09.03:511][  0]LogD3D11RHI:    2. 'NVIDIA GeForce GTX 1050' (Feature Level 11_0)
[2020.12.20-19.09.03:511][  0]LogD3D11RHI:       1977/0/8169 MB DedicatedVideo/DedicatedSystem/SharedSystem, Outputs:0, VendorId:0x10de
[2020.12.20-19.09.03:511][  0]LogD3D11RHI: Chosen D3D11 Adapter: 0
[2020.12.20-19.09.03:534][  0]LogD3D11RHI: Creating new Direct3DDevice
[2020.12.20-19.09.03:534][  0]LogD3D11RHI:     GPU DeviceId: 0x1c81 (for the marketing name, search the web for "GPU Device Id")
[2020.12.20-19.09.03:534][  0]LogWindows: EnumDisplayDevices:
[2020.12.20-19.09.03:535][  0]LogWindows:    0. 'NVIDIA GeForce GTX 1050' (P:1 D:1)
[2020.12.20-19.09.03:535][  0]LogWindows:    1. 'NVIDIA GeForce GTX 1050' (P:0 D:1)
[2020.12.20-19.09.03:536][  0]LogWindows:    2. 'NVIDIA GeForce GTX 1050' (P:0 D:0)
[2020.12.20-19.09.03:536][  0]LogWindows:    3. 'NVIDIA GeForce GTX 1050' (P:0 D:0)
[2020.12.20-19.09.03:536][  0]LogWindows:    4. 'spacedesk Graphics Adapter' (P:0 D:0)
[2020.12.20-19.09.03:537][  0]LogWindows:    5. 'spacedesk Graphics Adapter' (P:0 D:0)
[2020.12.20-19.09.03:537][  0]LogWindows:    6. 'spacedesk Graphics Adapter' (P:0 D:0)
[2020.12.20-19.09.03:538][  0]LogWindows:    7. 'spacedesk Graphics Adapter' (P:0 D:0)
[2020.12.20-19.09.03:538][  0]LogWindows:    8. 'spacedesk Graphics Adapter' (P:0 D:0)
[2020.12.20-19.09.03:538][  0]LogWindows:    9. 'spacedesk Graphics Adapter' (P:0 D:0)
[2020.12.20-19.09.03:539][  0]LogWindows:    10. 'spacedesk Graphics Adapter' (P:0 D:0)
[2020.12.20-19.09.03:539][  0]LogWindows:    11. 'spacedesk Graphics Adapter' (P:0 D:0)
[2020.12.20-19.09.03:540][  0]LogWindows:    12. 'spacedesk Graphics Adapter' (P:0 D:0)
[2020.12.20-19.09.03:540][  0]LogWindows:    13. 'spacedesk Graphics Adapter' (P:0 D:0)
[2020.12.20-19.09.03:540][  0]LogWindows:    14. 'spacedesk Graphics Adapter' (P:0 D:0)
[2020.12.20-19.09.03:541][  0]LogWindows:    15. 'spacedesk Graphics Adapter' (P:0 D:0)
[2020.12.20-19.09.03:541][  0]LogWindows:    16. 'spacedesk Graphics Adapter' (P:0 D:0)
[2020.12.20-19.09.03:542][  0]LogWindows:    17. 'spacedesk Graphics Adapter' (P:0 D:0)
[2020.12.20-19.09.03:542][  0]LogWindows:    18. 'spacedesk Graphics Adapter' (P:0 D:0)
[2020.12.20-19.09.03:542][  0]LogWindows:    19. 'spacedesk Graphics Adapter' (P:0 D:0)
[2020.12.20-19.09.03:543][  0]LogWindows: DebugString: GetVideoDriverDetailsInvalid PrimaryIsNotTheChoosenAdapter GetVideoDriverDetailsInvalid PrimaryIsNotTheChoosenAdapter GetVideoDriverDetailsInvalid PrimaryIsNotTheChoosenAdapter GetVideoDriverDetailsInvalid PrimaryIsNotTheChoosenAdapter GetVideoDriverDetailsInvalid PrimaryIsNotTheChoosenAdapter GetVideoDriverDetailsInvalid PrimaryIsNotTheChoosenAdapter GetVideoDriverDetailsInvalid PrimaryIsNotTheChoosenAdapter GetVideoDriverDetailsInvalid PrimaryIsNotTheChoosenAdapter GetVideoDriverDetailsInvalid PrimaryIsNotTheChoosenAdapter GetVideoDriverDetailsInvalid PrimaryIsNotTheChoosenAdapter GetVideoDriverDetailsInvalid PrimaryIsNotTheChoosenAdapter GetVideoDriverDetailsInvalid PrimaryIsNotTheChoosenAdapter GetVideoDriverDetailsInvalid PrimaryIsNotTheChoosenAdapter GetVideoDriverDetailsInvalid PrimaryIsNotTheChoosenAdapter GetVideoDriverDetailsInvalid PrimaryIsNotTheChoosenAdapter GetVideoDriverDetailsInvalid PrimaryIsNotTheChoosenAdapter FoundDriverCount:4 
[2020.12.20-19.09.03:543][  0]LogD3D11RHI:     Adapter Name: NVIDIA GeForce GTX 1050
[2020.12.20-19.09.03:543][  0]LogD3D11RHI:   Driver Version: 460.79 (internal:27.21.14.6079, unified:460.79)
[2020.12.20-19.09.03:543][  0]LogD3D11RHI:      Driver Date: 12-3-2020
[2020.12.20-19.09.03:544][  0]LogRHI: Texture pool is 1384 MB (70% of 1977 MB)
[2020.12.20-19.09.03:654][  0]LogD3D11RHI: RHI has support for 64 bit atomics
[2020.12.20-19.09.03:660][  0]LogD3D11RHI: [Aftermath] Enabled and primed
[2020.12.20-19.09.03:660][  0]LogD3D11RHI: Async texture creation enabled
[2020.12.20-19.09.03:660][  0]LogD3D11RHI: Array index from any shader is supported
[2020.12.20-19.09.04:035][  0]LogD3D11RHI: GPU Timing Frequency: 1000.000000 (Debug: 2 1)
[2020.12.20-19.09.05:372][  0]LogTargetPlatformManager: Display: Loaded TargetPlatform 'AllDesktop'
[2020.12.20-19.09.05:424][  0]LogTargetPlatformManager: Display: Loaded TargetPlatform 'Android'
[2020.12.20-19.09.05:424][  0]LogTargetPlatformManager: Display: Loaded TargetPlatform 'Android_ASTC'
[2020.12.20-19.09.05:424][  0]LogTargetPlatformManager: Display: Loaded TargetPlatform 'Android_DXT'
[2020.12.20-19.09.05:424][  0]LogTargetPlatformManager: Display: Loaded TargetPlatform 'Android_ETC2'
[2020.12.20-19.09.05:424][  0]LogTargetPlatformManager: Display: Loaded TargetPlatform 'AndroidClient'
[2020.12.20-19.09.05:424][  0]LogTargetPlatformManager: Display: Loaded TargetPlatform 'Android_ASTCClient'
[2020.12.20-19.09.05:424][  0]LogTargetPlatformManager: Display: Loaded TargetPlatform 'Android_DXTClient'
[2020.12.20-19.09.05:424][  0]LogTargetPlatformManager: Display: Loaded TargetPlatform 'Android_ETC2Client'
[2020.12.20-19.09.05:424][  0]LogTargetPlatformManager: Display: Loaded TargetPlatform 'Android_Multi'
[2020.12.20-19.09.05:424][  0]LogTargetPlatformManager: Display: Loaded TargetPlatform 'Android_MultiClient'
[2020.12.20-19.09.05:563][  0]LogTargetPlatformManager: Display: Loaded TargetPlatform 'IOSClient'
[2020.12.20-19.09.05:563][  0]LogTargetPlatformManager: Display: Loaded TargetPlatform 'IOS'
[2020.12.20-19.09.05:609][  0]LogTargetPlatformManager: Display: Loaded TargetPlatform 'Linux'
[2020.12.20-19.09.05:643][  0]LogTargetPlatformManager: Display: Loaded TargetPlatform 'LinuxNoEditor'
[2020.12.20-19.09.05:673][  0]LogTargetPlatformManager: Display: Loaded TargetPlatform 'LinuxClient'
[2020.12.20-19.09.05:703][  0]LogTargetPlatformManager: Display: Loaded TargetPlatform 'LinuxServer'
[2020.12.20-19.09.05:731][  0]LogTargetPlatformManager: Display: Loaded TargetPlatform 'LinuxAArch64NoEditor'
[2020.12.20-19.09.05:760][  0]LogTargetPlatformManager: Display: Loaded TargetPlatform 'LinuxAArch64Client'
[2020.12.20-19.09.05:790][  0]LogTargetPlatformManager: Display: Loaded TargetPlatform 'LinuxAArch64Server'
[2020.12.20-19.09.05:867][  0]LogTargetPlatformManager: Display: Loaded TargetPlatform 'Lumin'
[2020.12.20-19.09.05:867][  0]LogTargetPlatformManager: Display: Loaded TargetPlatform 'LuminClient'
[2020.12.20-19.09.05:911][  0]LogTargetPlatformManager: Display: Loaded TargetPlatform 'TVOSClient'
[2020.12.20-19.09.05:911][  0]LogTargetPlatformManager: Display: Loaded TargetPlatform 'TVOS'
[2020.12.20-19.09.05:955][  0]LogTargetPlatformManager: Display: Loaded TargetPlatform 'WindowsNoEditor'
[2020.12.20-19.09.05:992][  0]LogTargetPlatformManager: Display: Loaded TargetPlatform 'Windows'
[2020.12.20-19.09.06:026][  0]LogTargetPlatformManager: Display: Loaded TargetPlatform 'WindowsClient'
[2020.12.20-19.09.06:065][  0]LogTargetPlatformManager: Display: Loaded TargetPlatform 'WindowsServer'
[2020.12.20-19.09.06:065][  0]LogTargetPlatformManager: Display: Building Assets For Windows
[2020.12.20-19.09.06:270][  0]LogAudioDebug: Display: Lib vorbis DLL was dynamically loaded.
[2020.12.20-19.09.07:156][  0]LogShaderCompilers: Guid format shader working directory is -13 characters bigger than the processId version (D:/github/1/CRYSTAMANIA/Unreal_Projects/CRYSTAMANIA_Paper/Intermediate/Shaders/WorkingDirectory/15996/).
[2020.12.20-19.09.07:156][  0]LogShaderCompilers: Cleaned the shader compiler working directory 'C:/Users/Duke/AppData/Local/Temp/UnrealShaderWorkingDir/E3C8BDE448523A9E448F7284E09398C0/'.
[2020.12.20-19.09.07:164][  0]LogXGEController: Cleaning working directory: C:/Users/Duke/AppData/Local/Temp/UnrealXGEWorkingDir/
[2020.12.20-19.09.07:164][  0]LogXGEController: Cannot use XGE Controller as Incredibuild is not installed on this machine.
[2020.12.20-19.09.07:164][  0]LogShaderCompilers: Cannot use XGE Shader Compiler as Incredibuild is not installed on this machine.
[2020.12.20-19.09.07:164][  0]LogShaderCompilers: Display: Using Local Shader Compiler.
[2020.12.20-19.09.14:028][  0]LogDerivedDataCache: Display: Max Cache Size: 512 MB
[2020.12.20-19.09.14:049][  0]LogDerivedDataCache: Loaded boot cache 0.02s 1MB C:/Users/Duke/AppData/Local/UnrealEngine/4.25/DerivedDataCache/Boot.ddc.
[2020.12.20-19.09.14:049][  0]LogDerivedDataCache: Display: Loaded Boot cache: C:/Users/Duke/AppData/Local/UnrealEngine/4.25/DerivedDataCache/Boot.ddc
[2020.12.20-19.09.14:050][  0]LogDerivedDataCache: FDerivedDataBackendGraph:  Pak pak cache file D:/github/1/CRYSTAMANIA/Unreal_Projects/CRYSTAMANIA_Paper/DerivedDataCache/DDC.ddp not found, will not use a pak cache.
[2020.12.20-19.09.14:050][  0]LogDerivedDataCache: Unable to find inner node Pak for hierarchical cache Hierarchy.
[2020.12.20-19.09.14:050][  0]LogDerivedDataCache: FDerivedDataBackendGraph:  CompressedPak pak cache file D:/github/1/CRYSTAMANIA/Unreal_Projects/CRYSTAMANIA_Paper/DerivedDataCache/Compressed.ddp not found, will not use a pak cache.
[2020.12.20-19.09.14:050][  0]LogDerivedDataCache: Unable to find inner node CompressedPak for hierarchical cache Hierarchy.
[2020.12.20-19.09.14:144][  0]LogDerivedDataCache: Display: Pak cache opened for reading ../../../Engine/DerivedDataCache/Compressed.ddp.
[2020.12.20-19.09.14:144][  0]LogDerivedDataCache: FDerivedDataBackendGraph:  EnterprisePak pak cache file ../../../Enterprise/DerivedDataCache/Compressed.ddp not found, will not use a pak cache.
[2020.12.20-19.09.14:144][  0]LogDerivedDataCache: Unable to find inner node EnterprisePak for hierarchical cache Hierarchy.
[2020.12.20-19.09.14:146][  0]LogDerivedDataCache: Using Local data cache path C:/Users/Duke/AppData/Local/UnrealEngine/Common/DerivedDataCache: Writable
[2020.12.20-19.09.14:147][  0]LogDerivedDataCache: Shared data cache path not found in *engine.ini, will not use an Shared cache.
[2020.12.20-19.09.14:147][  0]LogDerivedDataCache: Unable to find inner node Shared for hierarchical cache Hierarchy.
[2020.12.20-19.09.14:516][  0]LogSlate: Using FreeType 2.10.0
[2020.12.20-19.09.14:607][  0]LogSlate: SlateFontServices - WITH_FREETYPE: 1, WITH_HARFBUZZ: 1
[2020.12.20-19.09.15:688][  0]LogAssetRegistry: FAssetRegistry took 0.0052 seconds to start up
[2020.12.20-19.09.18:375][  0]LogInit: Selected Device Profile: [Windows]
[2020.12.20-19.09.21:051][  0]LogMeshReduction: Using QuadricMeshReduction for automatic static mesh reduction
[2020.12.20-19.09.21:051][  0]LogMeshReduction: Using SimplygonMeshReduction for automatic skeletal mesh reduction
[2020.12.20-19.09.21:051][  0]LogMeshReduction: Using ProxyLODMeshReduction for automatic mesh merging
[2020.12.20-19.09.21:051][  0]LogMeshReduction: No distributed automatic mesh merging module available
[2020.12.20-19.09.21:052][  0]LogMeshMerging: No distributed automatic mesh merging module available
[2020.12.20-19.09.21:531][  0]LogNetVersion: CRYSTAMANIA_Paper 1.0.0, NetCL: 13144385, EngineNetVer: 14, GameNetVer: 0 (Checksum: 2747852919)
[2020.12.20-19.09.42:217][  0]LogAISub: UAISubsystem::UAISubsystem AISubsystem (0000022282642980), frame # 0
[2020.12.20-19.09.42:217][  0]LogAISub: UAISubsystem::UAISubsystem AIPerceptionSystem (000002228250C540), frame # 0
[2020.12.20-19.09.42:220][  0]LogAISub: UAISubsystem::UAISubsystem EnvQueryManager (00000222824F2E00), frame # 0
[2020.12.20-19.09.42:558][  0]LogPackageLocalizationCache: Processed 19 localized package path(s) for 1 prioritized culture(s) in 0.123174 seconds
[2020.12.20-19.09.42:615][  0]LogUObjectArray: 15917 objects as part of root set at end of initial load.
[2020.12.20-19.09.42:615][  0]LogUObjectAllocator: 3965568 out of 0 bytes used by permanent object pool.
[2020.12.20-19.09.42:615][  0]LogUObjectArray: CloseDisregardForGC: 0/0 objects in disregard for GC pool
[2020.12.20-19.09.48:119][  0]LogTcpMessaging: Initializing TcpMessaging bridge
[2020.12.20-19.09.48:153][  0]LogUdpMessaging: Initializing bridge on interface 0.0.0.0:0 to multicast group 230.0.0.1:6666.
[2020.12.20-19.09.48:721][  0]LogLinker: Warning: Failed to load '/Game/ThirdPersonBP/ThirdPersonOverview': Can't find file.
[2020.12.20-19.09.48:721][  0]LogLinker: Warning: Failed to load '/Game/ThirdPersonBP/ThirdPersonOverview': Can't find file.
[2020.12.20-19.09.48:721][  0]LogUObjectGlobals: Warning: Failed to find object 'Class /Game/ThirdPersonBP/ThirdPersonOverview.ThirdPersonOverview_C'
[2020.12.20-19.09.49:252][  0]SourceControl: Source control is disabled
[2020.12.20-19.09.49:253][  0]SourceControl: Source control is disabled
[2020.12.20-19.09.49:318][  0]SourceControl: Source control is disabled
[2020.12.20-19.09.49:358][  0]SourceControl: Source control is disabled
[2020.12.20-19.09.49:432][  0]SourceControl: Source control is disabled
[2020.12.20-19.09.53:010][  0]LogAndroidPermission: UAndroidPermissionCallbackProxy::GetInstance
[2020.12.20-19.09.53:202][  0]LogAudioCaptureCore: Display: No Audio Capture implementations found. Audio input will be silent.
[2020.12.20-19.09.53:203][  0]LogAudioCaptureCore: Display: No Audio Capture implementations found. Audio input will be silent.
[2020.12.20-19.09.53:701][  0]LogOcInput: OculusInput pre-init called
[2020.12.20-19.09.53:774][  0]LogWindows: Failed to load 'OVRPlugin.dll' (GetLastError=126)
[2020.12.20-19.09.53:774][  0]LogWindows: File 'OVRPlugin.dll' does not exist
[2020.12.20-19.09.54:712][  0]LogEngine: Initializing Engine...
[2020.12.20-19.09.54:741][  0]LogHMD: Failed to initialize OpenVR with code 110
[2020.12.20-19.09.54:755][  0]LogMagicLeap: Warning: VR disabled because ZI is not enabled.  To enable, in the editor, Edit -> Project Settings -> Plugins -> Magic Leap Plugin -> Enable Zero Iteration
[2020.12.20-19.09.54:768][  0]LogStats: UGameplayTagsManager::InitializeManager -  0.000 s
[2020.12.20-19.09.56:298][  0]LogInit: Initializing FReadOnlyCVARCache
[2020.12.20-19.09.56:613][  0]LogAIModule: Creating AISystem for world Untitled
[2020.12.20-19.09.56:613][  0]LogAISub: UAISubsystem::UAISubsystem EnvQueryManager (0000022288F51600), frame # 0
[2020.12.20-19.09.56:622][  0]LogAISub: UAISubsystem::UAISubsystem AIPerceptionSystem (0000022288F8D940), frame # 0
[2020.12.20-19.09.56:715][  0]LogAudioMixer: Display: Audio Mixer Platform Settings:
[2020.12.20-19.09.56:715][  0]LogAudioMixer: Display: 	Sample Rate:						  48000
[2020.12.20-19.09.56:715][  0]LogAudioMixer: Display: 	Callback Buffer Frame Size Requested: 1024
[2020.12.20-19.09.56:716][  0]LogAudioMixer: Display: 	Callback Buffer Frame Size To Use:	  1024
[2020.12.20-19.09.56:716][  0]LogAudioMixer: Display: 	Number of buffers to queue:			  2
[2020.12.20-19.09.56:716][  0]LogAudioMixer: Display: 	Max Channels (voices):				  32
[2020.12.20-19.09.56:716][  0]LogAudioMixer: Display: 	Number of Async Source Workers:		  0
[2020.12.20-19.09.56:716][  0]LogAudio: Display: AudioDevice MaxSources: 32
[2020.12.20-19.09.56:735][  0]LogAudio: Display: Using built-in audio occlusion.
[2020.12.20-19.09.56:735][  0]LogAudioMixer: Display: Initializing audio mixer.
[2020.12.20-19.09.56:894][  0]LogAudioMixer: Display: 0: FrontLeft
[2020.12.20-19.09.56:894][  0]LogAudioMixer: Display: 1: FrontRight
[2020.12.20-19.09.57:006][  0]LogAudioMixer: Display: Using Audio Device Speakers / Headphones (Realtek High Definition Audio)
[2020.12.20-19.09.57:040][  0]LogAudioMixer: Display: Initializing Sound Submixes...
[2020.12.20-19.09.57:088][  0]LogAudioMixer: Display: Creating Master Submix 'MasterSubmixDefault'
[2020.12.20-19.09.57:089][  0]LogAudioMixer: Display: Creating Master Submix 'MasterReverbSubmixDefault'
[2020.12.20-19.09.57:090][  0]LogAudioMixer: Display: Creating Master Submix 'MasterEQSubmixDefault'
[2020.12.20-19.09.57:091][  0]LogInit: FAudioDevice initialized.
[2020.12.20-19.09.57:091][  0]LogNetVersion: Set ProjectVersion to 1.0.0.0. Version Checksum will be recalculated on next use.
[2020.12.20-19.09.57:216][  0]LogDerivedDataCache: Saved boot cache 0.13s 76MB C:/Users/Duke/AppData/Local/UnrealEngine/4.25/DerivedDataCache/Boot.ddc.
[2020.12.20-19.09.57:222][  0]LogInit: Texture streaming: Enabled
[2020.12.20-19.09.57:429][  0]LogEngineSessionManager: EngineSessionManager initialized
[2020.12.20-19.09.57:429][  0]LogEditorSessionSummary: Verbose: Initializing EditorSessionSummaryWriter for editor session tracking
[2020.12.20-19.09.57:442][  0]LogEditorSessionSummary: EditorSessionSummaryWriter initialized
[2020.12.20-19.09.57:740][  0]LogInit: Transaction tracking system initialized
[2020.12.20-19.09.58:079][  0]BlueprintLog: New page: Editor Load
[2020.12.20-19.09.59:089][  0]LocalizationService: Localization service is disabled
[2020.12.20-19.10.02:056][  0]LogFileCache: Scanning file cache for directory 'D:/github/1/CRYSTAMANIA/Unreal_Projects/CRYSTAMANIA_Paper/Content/' took 0.05s
[2020.12.20-19.10.02:056][  0]LogCook: Display: Max memory allowance for cook 16384mb min free memory 0mb
[2020.12.20-19.10.02:056][  0]LogCook: Display: Mobile HDR setting 0
[2020.12.20-19.10.05:269][  0]SourceControl: Source control is disabled
[2020.12.20-19.10.05:269][  0]LogUnrealEdMisc: Loading editor; pre map load, took 88.202
[2020.12.20-19.10.05:287][  0]Cmd: MAP LOAD FILE="D:/github/1/CRYSTAMANIA/Unreal_Projects/CRYSTAMANIA_Paper/Content/2DSideScrollerBP/Maps/2DSideScrollerExampleMap.umap" TEMPLATE=0 SHOWPROGRESS=1 FEATURELEVEL=3
[2020.12.20-19.10.05:288][  0]LogEditorServer: Warning: Can't find file 'D:/github/1/CRYSTAMANIA/Unreal_Projects/CRYSTAMANIA_Paper/Content/2DSideScrollerBP/Maps/2DSideScrollerExampleMap.umap'
[2020.12.20-19.10.05:298][  0]Cmd: MAP CHECKDEP NOCLEARLOG
[2020.12.20-19.10.05:312][  0]MapCheck: Map check complete: 0 Error(s), 0 Warning(s), took 0.207ms to complete.
[2020.12.20-19.10.05:312][  0]LogFileHelpers: Loading map '2DSideScrollerExampleMap' took 0.024
[2020.12.20-19.10.05:339][  0]LogUnrealEdMisc: Total Editor Startup Time, took 88.272
[2020.12.20-19.10.05:988][  0]LogSlate: Updating window title bar state: overlay mode, drag disabled, window buttons hidden, title bar hidden
[2020.12.20-19.10.06:002][  0]LogSlate: Updating window title bar state: overlay mode, drag disabled, window buttons hidden, title bar hidden
[2020.12.20-19.10.06:012][  0]LogSlate: Updating window title bar state: overlay mode, drag disabled, window buttons hidden, title bar hidden
[2020.12.20-19.10.06:021][  0]LogSlate: Updating window title bar state: overlay mode, drag disabled, window buttons hidden, title bar hidden
[2020.12.20-19.10.06:103][  0]LogCollectionManager: Loaded 0 collections in 0.000928 seconds
[2020.12.20-19.10.06:219][  0]LogFileCache: Scanning file cache for directory 'D:/github/1/CRYSTAMANIA/Unreal_Projects/CRYSTAMANIA_Paper/Saved/Collections/' took 0.00s
[2020.12.20-19.10.06:220][  0]LogFileCache: Scanning file cache for directory 'D:/github/1/CRYSTAMANIA/Unreal_Projects/CRYSTAMANIA_Paper/Content/Developers/Duke/Collections/' took 0.00s
[2020.12.20-19.10.06:220][  0]LogFileCache: Scanning file cache for directory 'D:/github/1/CRYSTAMANIA/Unreal_Projects/CRYSTAMANIA_Paper/Content/Collections/' took 0.00s
[2020.12.20-19.10.06:220][  0]LogContentBrowser: Native class hierarchy populated in 0.0133 seconds. Added 3427 classes and 821 folders.
[2020.12.20-19.10.06:286][  0]LogContentBrowser: Native class hierarchy updated for 'WidgetCarousel' in 0.0003 seconds. Added 0 classes and 0 folders.
[2020.12.20-19.10.07:571][  0]LogContentBrowser: Native class hierarchy updated for 'AddContentDialog' in 0.0003 seconds. Added 0 classes and 0 folders.
[2020.12.20-19.10.07:603][  0]LogContentBrowser: Native class hierarchy updated for 'SceneOutliner' in 0.0004 seconds. Added 2 classes and 0 folders.
[2020.12.20-19.10.08:317][  0]LogSlate: Took 0.025619 seconds to synchronously load lazily loaded font '../../../Engine/Content/Slate/Fonts/Roboto-Regular.ttf' (155K)
[2020.12.20-19.10.08:346][  0]LogSlate: Took 0.017443 seconds to synchronously load lazily loaded font '../../../Engine/Content/Slate/Fonts/Roboto-Bold.ttf' (160K)
[2020.12.20-19.10.08:438][  0]LogSlate: Took 0.065424 seconds to synchronously load lazily loaded font '../../../Engine/Content/Editor/Slate/Fonts/FontAwesome.ttf' (139K)
[2020.12.20-19.10.08:983][  0]LogRenderer: Reallocating scene render targets to support 1104x600 Format 10 NumSamples 1 (Frame:1).
[2020.12.20-19.10.09:527][  0]LogContentBrowser: Native class hierarchy updated for 'HierarchicalLODOutliner' in 0.0004 seconds. Added 0 classes and 0 folders.
[2020.12.20-19.10.09:527][  0]LogLoad: (Engine Initialization) Total time: 92.46 seconds
[2020.12.20-19.10.09:527][  0]LogLoad: (Engine Initialization) Total Blueprint compile time: 0.00 seconds
[2020.12.20-19.10.09:772][  0]LogContentStreaming: Texture pool size now 1000 MB
[2020.12.20-19.10.10:010][  1]LogFileCache: Retrieving MD5 hashes for directory 'D:/github/1/CRYSTAMANIA/Unreal_Projects/CRYSTAMANIA_Paper/Content/' took 0.41s
[2020.12.20-19.10.10:036][  1]LogAssetRegistry: Asset discovery search completed in 54.3489 seconds
[2020.12.20-19.10.10:053][  1]LogCollectionManager: Fixed up redirectors for 0 collections in 0.000007 seconds (updated 0 objects)
[2020.12.20-19.10.10:225][  1]LogSlate: Took 0.020413 seconds to synchronously load lazily loaded font '../../../Engine/Content/Slate/Fonts/Roboto-Light.ttf' (167K)
[2020.12.20-19.10.10:572][ 17]LogSlate: Took 0.000178 seconds to synchronously load lazily loaded font '../../../Engine/Content/Slate/Fonts/Roboto-Light.ttf' (167K)
[2020.12.20-19.10.14:554][395]LogTemp: Repeating last play command: Selected Viewport
[2020.12.20-19.10.14:662][395]LogPlayLevel: PlayLevel: No blueprints needed recompiling
[2020.12.20-19.10.14:678][395]PIE: New page: PIE session: Untitled_0 (Dec 21, 2020, 9:10:14 AM)
[2020.12.20-19.10.14:694][395]LogOnline: OSS: Creating online subsystem instance for: NULL
[2020.12.20-19.10.14:720][395]LogOnline: OSS: TryLoadSubsystemAndSetDefault: Loaded subsystem for module [NULL]
[2020.12.20-19.10.14:732][395]LogPlayLevel: Creating play world package: /Temp/UEDPIE_0_Untitled_0
[2020.12.20-19.10.14:736][395]LogPlayLevel: PIE: StaticDuplicateObject took: (0.003078s)
[2020.12.20-19.10.14:737][395]LogAIModule: Creating AISystem for world Untitled
[2020.12.20-19.10.14:737][395]LogAISub: UAISubsystem::UAISubsystem EnvQueryManager (00000222B09F7E00), frame # 395
[2020.12.20-19.10.14:737][395]LogAISub: UAISubsystem::UAISubsystem AIPerceptionSystem (00000222B0A17100), frame # 395
[2020.12.20-19.10.14:737][395]LogPlayLevel: PIE: World Init took: (0.001467s)
[2020.12.20-19.10.14:737][395]LogPlayLevel: PIE: Created PIE world by copying editor world from /Temp/Untitled_0.Untitled to /Temp/UEDPIE_0_Untitled_0.Untitled (0.004918s)
[2020.12.20-19.10.14:746][395]LogUObjectHash: Compacting FUObjectHashTables data took   0.83ms
[2020.12.20-19.10.14:748][395]LogAudioMixer: Display: Audio Mixer Platform Settings:
[2020.12.20-19.10.14:748][395]LogAudioMixer: Display: 	Sample Rate:						  48000
[2020.12.20-19.10.14:748][395]LogAudioMixer: Display: 	Callback Buffer Frame Size Requested: 1024
[2020.12.20-19.10.14:748][395]LogAudioMixer: Display: 	Callback Buffer Frame Size To Use:	  1024
[2020.12.20-19.10.14:748][395]LogAudioMixer: Display: 	Number of buffers to queue:			  2
[2020.12.20-19.10.14:748][395]LogAudioMixer: Display: 	Max Channels (voices):				  32
[2020.12.20-19.10.14:749][395]LogAudioMixer: Display: 	Number of Async Source Workers:		  0
[2020.12.20-19.10.14:749][395]LogAudio: Display: AudioDevice MaxSources: 32
[2020.12.20-19.10.14:749][395]LogAudio: Display: Using built-in audio occlusion.
[2020.12.20-19.10.14:749][395]LogAudioMixer: Display: Initializing audio mixer.
[2020.12.20-19.10.14:753][395]LogAudioMixer: Display: 0: FrontLeft
[2020.12.20-19.10.14:753][395]LogAudioMixer: Display: 1: FrontRight
[2020.12.20-19.10.14:777][395]LogAudioMixer: Display: Using Audio Device Speakers / Headphones (Realtek High Definition Audio)
[2020.12.20-19.10.14:777][395]LogAudioMixer: Display: Initializing Sound Submixes...
[2020.12.20-19.10.14:777][395]LogAudioMixer: Display: Creating Master Submix 'MasterSubmixDefault'
[2020.12.20-19.10.14:777][395]LogAudioMixer: Display: Creating Master Submix 'MasterReverbSubmixDefault'
[2020.12.20-19.10.14:778][395]LogAudioMixer: Display: Creating Master Submix 'MasterEQSubmixDefault'
[2020.12.20-19.10.14:791][395]LogInit: FAudioDevice initialized.
[2020.12.20-19.10.14:899][395]LogLinker: Warning: Failed to load '/Game/2DSideScrollerBP/Blueprints/2DSideScrollerGameMode': Can't find file.
[2020.12.20-19.10.14:899][395]LogLinker: Warning: Failed to load '/Game/2DSideScrollerBP/Blueprints/2DSideScrollerGameMode': Can't find file.
[2020.12.20-19.10.14:899][395]LogUObjectGlobals: Warning: Failed to find object 'Class /Game/2DSideScrollerBP/Blueprints/2DSideScrollerGameMode.2DSideScrollerGameMode_C'
[2020.12.20-19.10.14:899][395]LogLoad: Game class is 'GameModeBase'
[2020.12.20-19.10.14:970][395]LogWorld: Bringing World /Temp/UEDPIE_0_Untitled_0.Untitled up for play (max tick rate 0) at 2020.12.21-02.10.14
[2020.12.20-19.10.14:979][395]LogWorld: Bringing up level for play took: 0.008655
[2020.12.20-19.10.15:012][395]LogOnline: OSS: Creating online subsystem instance for: :Context_1
[2020.12.20-19.10.15:063][395]LogContentBrowser: Native class hierarchy updated for 'MovieSceneCapture' in 0.0004 seconds. Added 20 classes and 0 folders.
[2020.12.20-19.10.15:173][395]PIE: Server logged in
[2020.12.20-19.10.15:175][395]PIE: Play in editor total start time 0.542 seconds.
[2020.12.20-19.10.16:908][585]LogSlate: Updating window title bar state: overlay mode, drag disabled, window buttons hidden, title bar hidden
[2020.12.20-19.10.16:908][585]LogWorld: BeginTearingDown for /Temp/UEDPIE_0_Untitled_0
[2020.12.20-19.10.16:908][585]LogWorld: UWorld::CleanupWorld for Untitled, bSessionEnded=true, bCleanupResources=true
[2020.12.20-19.10.16:908][585]LogSlate: InvalidateAllWidgets triggered.  All widgets were invalidated
[2020.12.20-19.10.16:927][585]LogPlayLevel: Display: Shutting down PIE online subsystems
[2020.12.20-19.10.16:928][585]LogSlate: InvalidateAllWidgets triggered.  All widgets were invalidated
[2020.12.20-19.10.16:952][585]LogSlate: Updating window title bar state: overlay mode, drag disabled, window buttons hidden, title bar hidden
[2020.12.20-19.10.16:953][585]LogAISub: UAISubsystem::~UAISubsystem EnvQueryManager (00000222B09F7E00), frame # 585
[2020.12.20-19.10.16:953][585]LogAISub: UAISubsystem::~UAISubsystem AIPerceptionSystem (00000222B0A17100), frame # 585
[2020.12.20-19.10.16:954][585]LogUObjectHash: Compacting FUObjectHashTables data took   0.68ms
[2020.12.20-19.10.16:984][586]LogPlayLevel: Display: Destroying online subsystem :Context_1
[2020.12.20-19.10.51:324][355]LogSlate: Window 'Project Settings' being destroyed
[2020.12.20-19.10.51:329][355]LogSlate: Window 'Project Settings' being destroyed
[2020.12.20-19.10.53:128][539]LogAssetEditorSubsystem: Opening Asset editor for World /Game/Crystamania/NewMap.NewMap
[2020.12.20-19.10.53:154][539]LogUObjectHash: Compacting FUObjectHashTables data took   1.46ms
[2020.12.20-19.10.53:156][539]Cmd: MAP LOAD FILE="D:/github/1/CRYSTAMANIA/Unreal_Projects/CRYSTAMANIA_Paper/Content/Crystamania/NewMap.umap" TEMPLATE=0 SHOWPROGRESS=1 FEATURELEVEL=3
[2020.12.20-19.10.53:156][539]LightingResults: New page: Lighting Build
[2020.12.20-19.10.53:173][539]LogContentBrowser: Native class hierarchy updated for 'StatsViewer' in 0.0004 seconds. Added 6 classes and 0 folders.
[2020.12.20-19.10.53:174][539]LoadErrors: New page: Loading map: NewMap.umap
[2020.12.20-19.10.53:196][539]LogWorld: UWorld::CleanupWorld for Untitled, bSessionEnded=true, bCleanupResources=true
[2020.12.20-19.10.53:197][539]LogSlate: InvalidateAllWidgets triggered.  All widgets were invalidated
[2020.12.20-19.10.53:197][539]MapCheck: New page: Map Check
[2020.12.20-19.10.53:197][539]LightingResults: New page: Lighting Build
[2020.12.20-19.10.53:206][539]LogAISub: UAISubsystem::~UAISubsystem EnvQueryManager (0000022288F51600), frame # 3539
[2020.12.20-19.10.53:206][539]LogAISub: UAISubsystem::~UAISubsystem AIPerceptionSystem (0000022288F8D940), frame # 3539
[2020.12.20-19.10.53:207][539]LogUObjectHash: Compacting FUObjectHashTables data took   0.93ms
[2020.12.20-19.10.53:477][539]LogEditorServer: Finished looking for orphan Actors (0.000 secs)
[2020.12.20-19.10.53:477][539]LogAIModule: Creating AISystem for world NewMap
[2020.12.20-19.10.53:477][539]LogAISub: UAISubsystem::UAISubsystem EnvQueryManager (00000222BD15F400), frame # 3539
[2020.12.20-19.10.53:477][539]LogAISub: UAISubsystem::UAISubsystem AIPerceptionSystem (00000222C9151940), frame # 3539
[2020.12.20-19.10.53:493][539]LogUObjectHash: Compacting FUObjectHashTables data took   0.86ms
[2020.12.20-19.10.53:531][539]Cmd: MAP CHECKDEP NOCLEARLOG
[2020.12.20-19.10.53:532][539]MapCheck: Map check complete: 0 Error(s), 0 Warning(s), took 0.109ms to complete.
[2020.12.20-19.10.53:532][539]LogFileHelpers: Loading map 'NewMap' took 0.375
[2020.12.20-19.10.55:494][743]LogTemp: Repeating last play command: Selected Viewport
[2020.12.20-19.10.55:517][743]LogPlayLevel: PlayLevel: No blueprints needed recompiling
[2020.12.20-19.10.55:517][743]PIE: New page: PIE session: NewMap (Dec 21, 2020, 9:10:55 AM)
[2020.12.20-19.10.55:517][743]LogPlayLevel: Creating play world package: /Game/Crystamania/UEDPIE_0_NewMap
[2020.12.20-19.10.55:610][743]LogPlayLevel: PIE: StaticDuplicateObject took: (0.093236s)
[2020.12.20-19.10.55:611][743]LogAIModule: Creating AISystem for world NewMap
[2020.12.20-19.10.55:611][743]LogAISub: UAISubsystem::UAISubsystem EnvQueryManager (00000222A2013E00), frame # 3743
[2020.12.20-19.10.55:612][743]LogAISub: UAISubsystem::UAISubsystem AIPerceptionSystem (00000222A200FD80), frame # 3743
[2020.12.20-19.10.55:612][743]LogPlayLevel: PIE: World Init took: (0.001290s)
[2020.12.20-19.10.55:612][743]LogPlayLevel: PIE: Created PIE world by copying editor world from /Game/Crystamania/NewMap.NewMap to /Game/Crystamania/UEDPIE_0_NewMap.NewMap (0.094695s)
[2020.12.20-19.10.55:621][743]LogUObjectHash: Compacting FUObjectHashTables data took   0.84ms
[2020.12.20-19.10.55:623][743]LogAudioMixer: Display: Audio Mixer Platform Settings:
[2020.12.20-19.10.55:623][743]LogAudioMixer: Display: 	Sample Rate:						  48000
[2020.12.20-19.10.55:623][743]LogAudioMixer: Display: 	Callback Buffer Frame Size Requested: 1024
[2020.12.20-19.10.55:623][743]LogAudioMixer: Display: 	Callback Buffer Frame Size To Use:	  1024
[2020.12.20-19.10.55:623][743]LogAudioMixer: Display: 	Number of buffers to queue:			  2
[2020.12.20-19.10.55:623][743]LogAudioMixer: Display: 	Max Channels (voices):				  32
[2020.12.20-19.10.55:623][743]LogAudioMixer: Display: 	Number of Async Source Workers:		  0
[2020.12.20-19.10.55:623][743]LogAudio: Display: AudioDevice MaxSources: 32
[2020.12.20-19.10.55:623][743]LogAudio: Display: Using built-in audio occlusion.
[2020.12.20-19.10.55:623][743]LogAudioMixer: Display: Initializing audio mixer.
[2020.12.20-19.10.55:628][743]LogAudioMixer: Display: 0: FrontLeft
[2020.12.20-19.10.55:628][743]LogAudioMixer: Display: 1: FrontRight
[2020.12.20-19.10.55:652][743]LogAudioMixer: Display: Using Audio Device Speakers / Headphones (Realtek High Definition Audio)
[2020.12.20-19.10.55:652][743]LogAudioMixer: Display: Initializing Sound Submixes...
[2020.12.20-19.10.55:653][743]LogAudioMixer: Display: Creating Master Submix 'MasterSubmixDefault'
[2020.12.20-19.10.55:653][743]LogAudioMixer: Display: Creating Master Submix 'MasterReverbSubmixDefault'
[2020.12.20-19.10.55:653][743]LogAudioMixer: Display: Creating Master Submix 'MasterEQSubmixDefault'
[2020.12.20-19.10.55:664][743]LogInit: FAudioDevice initialized.
[2020.12.20-19.10.55:672][743]LogLoad: Game class is 'NewGameMode_C'
[2020.12.20-19.10.55:681][743]LogWorld: Bringing World /Game/Crystamania/UEDPIE_0_NewMap.NewMap up for play (max tick rate 0) at 2020.12.21-02.10.55
[2020.12.20-19.10.55:695][743]LogWorld: Bringing up level for play took: 0.023130
[2020.12.20-19.10.55:696][743]LogOnline: OSS: Creating online subsystem instance for: :Context_3
[2020.12.20-19.10.55:698][743]LogSpawn: Warning: SpawnActor failed because no class was specified
[2020.12.20-19.10.55:784][743]PIE: Server logged in
[2020.12.20-19.10.55:785][743]PIE: Play in editor total start time 0.269 seconds.
[2020.12.20-19.11.09:264][326]LogBlueprintUserMessages: [NewMap_C_99] 1   6
[2020.12.20-19.11.10:271][440]LogBlueprintUserMessages: [NewMap_C_99] 2   6
[2020.12.20-19.11.10:472][464]LogBlueprintUserMessages: [NewMap_C_99] 3   6
[2020.12.20-19.11.10:674][488]LogBlueprintUserMessages: [NewMap_C_99] 4   6
[2020.12.20-19.11.10:875][512]LogBlueprintUserMessages: [NewMap_C_99] 5   6
[2020.12.20-19.11.11:078][536]LogBlueprintUserMessages: [NewMap_C_99] 6   6
[2020.12.20-19.11.11:278][560]LogBlueprintUserMessages: [HUDBlueprint_C_0] Hello
[2020.12.20-19.11.12:012][647]LogBlueprintUserMessages: [NewMap_C_99] 2
[2020.12.20-19.11.12:012][647]LogBlueprintUserMessages: [NewMap_C_99] cc
[2020.12.20-19.11.12:627][720]LogBlueprintUserMessages: [NewMap_C_99] 1   1
[2020.12.20-19.11.13:629][838]LogBlueprintUserMessages: [NewMap_C_99] enemy
[2020.12.20-19.11.13:636][838]LogBlueprintUserMessages: [WidgetATKBp_C_0] Hello
[2020.12.20-19.11.14:652][958]LogBlueprintUserMessages: [NewMap_C_99] 3
[2020.12.20-19.11.14:652][958]LogBlueprintUserMessages: [NewMap_C_99] cc
[2020.12.20-19.11.15:284][ 33]LogBlueprintUserMessages: [NewMap_C_99] 1   3
[2020.12.20-19.11.16:486][176]LogBlueprintUserMessages: [NewMap_C_99] 2   3
[2020.12.20-19.11.16:687][200]LogBlueprintUserMessages: [NewMap_C_99] 3   3
[2020.12.20-19.11.16:887][224]LogBlueprintUserMessages: [NewMap_C_99] enemy
[2020.12.20-19.11.16:893][224]LogBlueprintUserMessages: [WidgetATKBp_C_1] Hello
[2020.12.20-19.11.22:878][933]LogBlueprintUserMessages: [NewMap_C_99] combat
[2020.12.20-19.11.22:878][933]LogBlueprintUserMessages: [NewMap_C_99] 4
[2020.12.20-19.11.22:878][933]LogBlueprintUserMessages: [NewMap_C_99] cc
[2020.12.20-19.11.23:537][ 12]LogBlueprintUserMessages: [NewMap_C_99] 1   5
[2020.12.20-19.11.24:138][ 83]LogBlueprintUserMessages: [NewMap_C_99] 2   5
[2020.12.20-19.11.24:337][107]LogBlueprintUserMessages: [NewMap_C_99] 3   5
[2020.12.20-19.11.24:538][131]LogBlueprintUserMessages: [NewMap_C_99] 4   5
[2020.12.20-19.11.24:738][155]LogBlueprintUserMessages: [NewMap_C_99] 5   5
[2020.12.20-19.11.24:940][179]LogBlueprintUserMessages: [NewMap_C_99] enemy
[2020.12.20-19.11.24:946][179]LogBlueprintUserMessages: [WidgetATKBp_C_2] Hello
[2020.12.20-19.11.26:872][408]LogBlueprintUserMessages: [NewMap_C_99] 1
[2020.12.20-19.11.26:872][408]LogBlueprintUserMessages: [NewMap_C_99] cc
[2020.12.20-19.11.27:879][528]LogBlueprintUserMessages: [NewMap_C_99] 1   1
[2020.12.20-19.11.33:455][192]LogBlueprintUserMessages: [NewMap_C_99] c
[2020.12.20-19.11.33:455][192]LogBlueprintUserMessages: [NewMap_C_99] 1234
[2020.12.20-19.11.33:461][192]LogBlueprintUserMessages: [WidgetATKBp_C_3] Hello
[2020.12.20-19.11.33:463][192]LogBlueprintUserMessages: [NewMap_C_99] Hello1154
[2020.12.20-19.11.37:112][621]LogBlueprintUserMessages: [NewMap_C_99] Hello11
[2020.12.20-19.11.38:109][739]LogBlueprintUserMessages: [NewMap_C_99] Visible
[2020.12.20-19.11.46:673][751]LogBlueprintUserMessages: [NewMap_C_99] 114Hello
[2020.12.20-19.11.49:279][ 60]LogBlueprintUserMessages: [NewMap_C_99] WidgetATKBp_C_3
[2020.12.20-19.11.50:087][156]LogBlueprintUserMessages: [NewMap_C_99] 2
[2020.12.20-19.11.50:087][156]LogBlueprintUserMessages: [NewMap_C_99] cc
[2020.12.20-19.11.50:087][156]LogBlueprintUserMessages: [NewMap_C_99] WidgetATKBp_C_0
[2020.12.20-19.11.50:908][254]LogBlueprintUserMessages: [NewMap_C_99] Pass
[2020.12.20-19.11.50:908][254]LogBlueprintUserMessages: [NewMap_C_99] 3
[2020.12.20-19.11.50:908][254]LogBlueprintUserMessages: [NewMap_C_99] cc
[2020.12.20-19.11.50:914][254]LogBlueprintUserMessages: [WidgetATKBp_C_4] Hello
[2020.12.20-19.11.57:720][ 60]LogBlueprintUserMessages: [NewMap_C_99] None
[2020.12.20-19.11.57:720][ 60]LogBlueprintUserMessages: [NewMap_C_99] 4
[2020.12.20-19.11.57:720][ 60]LogBlueprintUserMessages: [NewMap_C_99] cc
[2020.12.20-19.12.00:991][450]LogBlueprintUserMessages: [NewMap_C_99] 1   6
[2020.12.20-19.12.03:443][741]LogBlueprintUserMessages: [NewMap_C_99] 2   6
[2020.12.20-19.12.06:469][101]LogBlueprintUserMessages: [NewMap_C_99] 3   6
[2020.12.20-19.12.06:669][125]LogBlueprintUserMessages: [NewMap_C_99] 4   6
[2020.12.20-19.12.06:870][149]LogBlueprintUserMessages: [NewMap_C_99] 5   6
[2020.12.20-19.12.07:071][173]LogBlueprintUserMessages: [NewMap_C_99] 6   6
[2020.12.20-19.12.07:272][197]LogBlueprintUserMessages: [NewMap_C_99] enemy
[2020.12.20-19.12.07:278][197]LogBlueprintUserMessages: [WidgetATKBp_C_5] Hello
[2020.12.20-19.12.17:702][436]LogBlueprintUserMessages: [NewMap_C_99] None
[2020.12.20-19.12.17:702][436]LogBlueprintUserMessages: [NewMap_C_99] 1
[2020.12.20-19.12.17:702][436]LogBlueprintUserMessages: [NewMap_C_99] cc
[2020.12.20-19.12.19:435][643]LogBlueprintUserMessages: [NewMap_C_99] 1   5
[2020.12.20-19.12.20:446][761]LogBlueprintUserMessages: [NewMap_C_99] 2   5
[2020.12.20-19.12.20:647][785]LogBlueprintUserMessages: [NewMap_C_99] 3   5
[2020.12.20-19.12.21:804][923]LogBlueprintUserMessages: [NewMap_C_99] 4   5
[2020.12.20-19.12.22:004][947]LogBlueprintUserMessages: [NewMap_C_99] 5   5
[2020.12.20-19.12.22:205][971]LogBlueprintUserMessages: [NewMap_C_99] enemy
[2020.12.20-19.12.22:212][971]LogBlueprintUserMessages: [WidgetATKBp_C_6] Hello
[2020.12.20-19.12.25:348][337]LogSlate: Updating window title bar state: overlay mode, drag disabled, window buttons hidden, title bar hidden
[2020.12.20-19.12.25:348][337]LogWorld: BeginTearingDown for /Game/Crystamania/UEDPIE_0_NewMap
[2020.12.20-19.12.25:348][337]LogWorld: UWorld::CleanupWorld for NewMap, bSessionEnded=true, bCleanupResources=true
[2020.12.20-19.12.25:350][337]LogSlate: InvalidateAllWidgets triggered.  All widgets were invalidated
[2020.12.20-19.12.25:357][337]LogPlayLevel: Display: Shutting down PIE online subsystems
[2020.12.20-19.12.25:359][337]LogSlate: InvalidateAllWidgets triggered.  All widgets were invalidated
[2020.12.20-19.12.25:372][337]LogSlate: Updating window title bar state: overlay mode, drag disabled, window buttons hidden, title bar hidden
[2020.12.20-19.12.25:394][337]LogAISub: UAISubsystem::~UAISubsystem AIPerceptionSystem (00000222A200FD80), frame # 14337
[2020.12.20-19.12.25:394][337]LogAISub: UAISubsystem::~UAISubsystem EnvQueryManager (00000222A2013E00), frame # 14337
[2020.12.20-19.12.25:396][337]LogUObjectHash: Compacting FUObjectHashTables data took   1.00ms
[2020.12.20-19.12.25:431][338]LogPlayLevel: Display: Destroying online subsystem :Context_3
